09:00:47 - usuario: Marta Mesa Hernández - Login
09:47:29 - usuario: Cristi Ramírez Hernández - Login
09:51:18 - usuario: Cristi Ramírez Hernández - Alta cliente id: 835
09:58:08 - usuario: Marta Mesa Hernández - Actualización cliente id: 478
13:20:59 - usuario: Admin User - Login
13:33:14 - usuario: Admin User - Alta documento id:84
14:42:51 - usuario: Admin User - Alta documento id:85
13:56:29 - usuario: Admin User - Login
13:57:15 - usuario: Admin User - Alta documento id:86
15:25:30 - usuario: Admin User - Alta documento id:87
15:30:28 - usuario: Admin User - Alta documento id:88
15:32:51 - usuario: Admin User - Alta documento id:89
15:33:08 - usuario: Admin User - Baja documento ids: 89, 88, 87, 86, 85, 84
15:33:53 - usuario: Admin User - Alta documento id:90
15:34:12 - usuario: Marta Mesa Hernández - Login
15:37:22 - usuario: Admin User - Alta documento id:91
15:37:46 - usuario: Admin User - Alta documento id:92
15:37:55 - usuario: Admin User - Alta documento id:93
15:38:38 - usuario: Admin User - Alta documento id:94
15:39:07 - usuario: Marta Mesa Hernández - Actualización cliente id: 471
15:41:55 - usuario: Admin User - Alta documento id:95
15:44:58 - usuario: Admin User - Login
15:45:29 - usuario: Admin User - Alta documento id:96
15:45:36 - usuario: Admin User - Baja documento ids: 96
15:54:06 - usuario: Admin User - Alta documento id:97
15:54:43 - usuario: Admin User - Alta documento id:98
15:55:50 - usuario: Admin User - Alta documento id:99
15:58:21 - usuario: Admin User - Alta documento id:100
15:59:19 - usuario: Admin User - Alta documento id:101
15:59:28 - usuario: Admin User - Baja documento ids: 101, 100
16:00:07 - usuario: Admin User - Alta documento id:102
16:01:54 - usuario: Admin User - Alta documento id:103
16:02:00 - usuario: Admin User - Baja documento ids: 103
16:06:17 - usuario: Admin User - Alta documento id:104
18:49:19 - usuario: Nicolas Acosta Marichal - Login
18:51:51 - usuario: Nicolas Acosta Marichal - Login
19:21:27 - usuario: Admin User - Login
19:30:13 - usuario: Admin User - Alta documento id:105
19:32:00 - usuario: Mayerlin Regalado Rodríguez - Login
18:34:34 - usuario: Admin User - Login
18:48:15 - usuario: Nicolas Acosta Marichal - Login
19:03:20 - usuario: Admin User - Alta documento id:106
19:32:24 - usuario: Mayerlin Regalado Rodríguez - Actualización cliente id: 762
19:48:19 - usuario: Admin User - Alta documento id:107
19:57:49 - usuario: Admin User - Alta documento id:108
20:07:28 - usuario: Admin User - Alta documento id:109
20:07:41 - usuario: Admin User - Alta documento id:110
20:10:56 - usuario: Admin User - Alta documento id:111
20:11:58 - usuario: Admin User - Baja documento ids: 111, 110, 109, 108, 107, 106, 99, 98, 97, 95, 94
20:12:06 - usuario: Admin User - Alta documento id:112
20:12:13 - usuario: Admin User - Alta documento id:113
20:12:52 - usuario: Admin User - Alta documento id:114
20:13:26 - usuario: Admin User - Alta documento id:115
20:14:23 - usuario: Admin User - Baja documento ids: 115, 114, 113, 112
20:14:30 - usuario: Admin User - Alta documento id:116
20:16:10 - usuario: Admin User - Alta documento id:117
20:19:09 - usuario: Admin User - Alta documento id:118
20:21:50 - usuario: Admin User - Alta documento id:119
20:24:12 - usuario: Admin User - Alta documento id:120
20:26:37 - usuario: Admin User - Alta documento id:121
20:28:47 - usuario: Mayerlin Regalado Rodríguez - Login
20:31:57 - usuario: Mayerlin Regalado Rodríguez - Actualización cliente id: 801
20:34:15 - usuario: Admin User - Alta documento id:122
20:35:29 - usuario: Admin User - Alta documento id:123
20:35:51 - usuario: Admin User - Baja documento ids: 123, 122, 121, 120, 119, 118, 117, 116
20:35:57 - usuario: Admin User - Alta documento id:124
20:37:26 - usuario: Admin User - Alta documento id:125
20:40:21 - usuario: Admin User - Alta documento id:126
21:01:34 - usuario: Admin User - Login
21:10:26 - usuario: Admin User - Baja documento ids: 126, 125, 124
21:10:46 - usuario: Admin User - Alta documento id:127
21:39:52 - usuario: Admin User - Login
21:40:45 - usuario: Admin User - Alta documento id:128
21:42:10 - usuario: Admin User - Alta documento id:129
21:47:26 - usuario: Admin User - Alta documento id:130
21:48:46 - usuario: Admin User - Alta documento id:131
22:18:12 - usuario: Admin User - Baja documento ids: 131, 130, 129, 128
22:18:20 - usuario: Admin User - Alta documento id:132
22:25:56 - usuario: Admin User - Alta documento id:133
22:34:48 - usuario: Admin User - Baja documento ids: 133, 132
23:36:00 - usuario: Nicolas Acosta Marichal - Baja documento ids: 127
23:36:15 - usuario: Nicolas Acosta Marichal - Baja documento ids: 105, 104
23:36:34 - usuario: Nicolas Acosta Marichal - Baja documento ids: 93, 92, 91, 90
23:36:45 - usuario: Nicolas Acosta Marichal - Baja documento ids: 102
