08:59:50 - usuario: Marta Mesa Hernández - Login
09:03:15 - usuario: Marta Mesa Hernández - Actualización cliente id: 411
11:35:42 - usuario: Adriana Chelaru - Login
11:38:33 - usuario: Adriana Chelaru - Alta cliente id: 840
11:39:03 - usuario: Adriana Chelaru - Actualización cliente id: 840
11:42:30 - usuario: Adriana Chelaru - Actualización cliente id: 398
11:50:39 - usuario: Adriana Chelaru - Alta cliente id: 841
11:52:18 - usuario: Adriana Chelaru - Actualización cliente id: 738
11:55:39 - usuario: Adriana Chelaru - Actualización cliente id: 795
11:58:45 - usuario: Marta Mesa Hernández - Actualización cliente id: 828
12:02:36 - usuario: Marta Mesa Hernández - Actualización cliente id: 840
12:26:53 - usuario: Mayerlin Regalado Rodríguez - Login
12:31:47 - usuario: Mayerlin Regalado Rodríguez - Actualización cliente id: 825
12:34:41 - usuario: Mayerlin Regalado Rodríguez - Alta cliente id: 842
12:40:34 - usuario: Mayerlin Regalado Rodríguez - Alta cliente id: 843
12:44:14 - usuario: Mayerlin Regalado Rodríguez - Alta cliente id: 844
12:49:57 - usuario: Mayerlin Regalado Rodríguez - Actualización cliente id: 500
12:52:24 - usuario: Mayerlin Regalado Rodríguez - Actualización cliente id: 562
12:55:17 - usuario: Mayerlin Regalado Rodríguez - Alta cliente id: 845
13:08:05 - usuario: Adriana Chelaru - Login
13:14:36 - usuario: Adriana Chelaru - Alta cliente id: 846
13:31:09 - usuario: Adriana Chelaru - Alta cliente id: 847
13:36:07 - usuario: Adriana Chelaru - Alta cliente id: 848
13:50:45 - usuario: Adriana Chelaru - Actualización cliente id: 750
