00:25:28 - usuario: Nicolas Acosta Marichal - Login
09:20:43 - usuario: Cristi Ramírez Hernández - Login
10:50:01 - usuario: Admin User - Login
11:04:51 - usuario: Sandra Galán De Dios - Login
11:09:27 - usuario: Sandra Galán De Dios - Actualización cliente id: 418
11:11:49 - usuario: Admin User - Alta documento id:28
14:35:31 - usuario: Mayerlin Regalado Rodríguez - Login
14:47:12 - usuario: Mayerlin Regalado Rodríguez - Alta cliente id: 820
14:53:56 - usuario: Mayerlin Regalado Rodríguez - Actualización cliente id: 816
14:59:08 - usuario: Mayerlin Regalado Rodríguez - Alta cliente id: 821
15:06:14 - usuario: Mayerlin Regalado Rodríguez - Alta cliente id: 822
15:08:02 - usuario: Admin User - Login
15:09:06 - usuario: Admin User - Baja documento ids: 28
15:10:22 - usuario: Admin User - Alta documento id:29
15:11:38 - usuario: Mayerlin Regalado Rodríguez - Actualización cliente id: 822
15:24:45 - usuario: Mayerlin Regalado Rodríguez - Actualización cliente id: 820
15:29:45 - usuario: Mayerlin Regalado Rodríguez - Alta cliente id: 823
15:46:06 - usuario: Mayerlin Regalado Rodríguez - Alta cliente id: 824
15:50:51 - usuario: Mayerlin Regalado Rodríguez - Alta cliente id: 825
16:32:14 - usuario: Mayerlin Regalado Rodríguez - Login
17:27:31 - usuario: Mayerlin Regalado Rodríguez - Actualización cliente id: 435
17:29:48 - usuario: Marta Mesa Hernández - Login
17:48:09 - usuario: Cristi Ramírez Hernández - Login
17:53:03 - usuario: Cristi Ramírez Hernández - Alta cliente id: 826
17:59:28 - usuario: Adriana Chelaru - Login
18:01:28 - usuario: Adriana Chelaru - Actualización cliente id: 781
18:02:42 - usuario: Adriana Chelaru - Actualización cliente id: 516
18:13:32 - usuario: Adriana Chelaru - Actualización cliente id: 818
18:17:06 - usuario: Adriana Chelaru - Actualización cliente id: 305
18:19:28 - usuario: Adriana Chelaru - Actualización cliente id: 758
18:22:01 - usuario: Adriana Chelaru - Actualización cliente id: 356
18:23:47 - usuario: Adriana Chelaru - Actualización cliente id: 761
18:25:16 - usuario: Marta Mesa Hernández - Actualización cliente id: 365
18:26:43 - usuario: Nicolas Acosta Marichal - Login
19:32:37 - usuario: Mayerlin Regalado Rodríguez - Actualización cliente id: 762
20:30:15 - usuario: Mayerlin Regalado Rodríguez - Actualización cliente id: 815
21:36:35 - usuario: Nicolas Acosta Marichal - Login
