04:09:30 - usuario: Admin User - Login
04:15:16 - usuario: Admin User - Login
04:16:13 - usuario: Admin User - Login
05:40:21 - usuario: Admin User - Login
08:33:13 - usuario: Nicolas Acosta Marichal - Login
09:05:40 - usuario: Nicolas Acosta Marichal - Login
16:18:21 - usuario: Nicolas Acosta Marichal - Login
16:27:28 - usuario: Nicolas Acosta Marichal - Baja sesión ids: 1490
16:29:06 - usuario: Nicolas Acosta Marichal - Agregó 1 sesion(s) de cliente al horario de inicio:2024-05-17 11:00:00 y termino:2024-05-17 11:55:00 en el grupo con id  22
16:32:23 - usuario: Nicolas Acosta Marichal - Alta rol id: 4
16:42:35 - usuario: Nicolas Acosta Marichal - Actualización empleado id: 18
16:43:44 - usuario: Cristi Ramírez Hernández - Login
16:54:00 - usuario: Nicolas Acosta Marichal - Baja empleado ids: 25, 24
17:01:36 - usuario: Nicolas Acosta Marichal - Actualizó el grupo de sessiones que iniciaba 2024-05-31 11:00:00 y terminaba 2024-05-31 11:55:00 a 2024-05-31 11:00:00 y 2024-05-31 11:55:00
17:03:46 - usuario: Nicolas Acosta Marichal - Alta empleado id: 26
17:08:53 - usuario: Nicolas Acosta Marichal - Actualización empleado id: 20
17:10:02 - usuario: Yanira Suárez Hernández - Login
21:56:51 - usuario: Admin User - Login
22:01:59 - usuario: Nicolas Acosta Marichal - Login
22:40:25 - usuario: Admin User - Login
