07:56:54 - usuario: Mayerlin Regalado Rodríguez - Login
08:00:33 - usuario: Mayerlin Regalado Rodríguez - Actualización cliente id: 559
09:59:45 - usuario: Mayerlin Regalado Rodríguez - Actualización cliente id: 544
10:02:52 - usuario: Marta Mesa Hernández - Login
10:56:11 - usuario: Marta Mesa Hernández - Actualización cliente id: 831
10:56:54 - usuario: Marta Mesa Hernández - Actualización cliente id: 831
13:02:03 - usuario: Marta Mesa Hernández - Login
13:04:08 - usuario: Marta Mesa Hernández - Actualización cliente id: 776
14:04:28 - usuario: Marta Mesa Hernández - Actualización cliente id: 523
15:37:46 - usuario: Marta Mesa Hernández - Actualización cliente id: 721
16:37:18 - usuario: Marta Mesa Hernández - Actualización cliente id: 721
17:40:52 - usuario: Mayerlin Regalado Rodríguez - Login
17:48:26 - usuario: Mayerlin Regalado Rodríguez - Alta cliente id: 857
18:14:00 - usuario: Mayerlin Regalado Rodríguez - Actualización cliente id: 679
18:15:34 - usuario: Mayerlin Regalado Rodríguez - Actualización cliente id: 345
18:17:40 - usuario: Mayerlin Regalado Rodríguez - Actualización cliente id: 835
18:26:50 - usuario: Mayerlin Regalado Rodríguez - Alta cliente id: 858
18:29:55 - usuario: Lara Mena Martín - Login
18:38:36 - usuario: Lara Mena Martín - Alta cliente id: 859
18:42:11 - usuario: Lara Mena Martín - Actualización cliente id: 859
18:46:42 - usuario: Lara Mena Martín - Actualización cliente id: 579
18:50:23 - usuario: Lara Mena Martín - Actualización cliente id: 841
18:52:50 - usuario: Lara Mena Martín - Actualización cliente id: 761
19:01:47 - usuario: Lara Mena Martín - Alta cliente id: 860
