[2024-06-20 13:24:35] production.INFO: {"attributes":{},"request":{},"query":{},"server":{},"files":{},"cookies":{},"headers":{}}  
[2024-06-20 13:25:08] production.INFO: {"_token":"KzyBoWYPvo33Artf8Y7BViMN4RI2Fl0IizseciZU","_method":"PUT","delete_back":"false","delete_front":"false","id":"156","name_document":"11299111311","observation":"1211111"}  
[2024-06-20 13:25:32] production.INFO: {"_token":"KzyBoWYPvo33Artf8Y7BViMN4RI2Fl0IizseciZU","_method":"PUT","delete_back":"false","delete_front":"false","id":"156","name_document":"11299111311","observation":"1211111212"}  
[2024-06-20 13:26:04] production.INFO: {"_token":"KzyBoWYPvo33Artf8Y7BViMN4RI2Fl0IizseciZU","_method":"PUT","delete_back":"false","delete_front":"false","id":null,"name_document":"112991113111122","observation":"1211111212"}  
[2024-06-20 13:29:03] production.INFO: Error is in main  
[2024-06-20 13:31:09] production.INFO: line 30  
[2024-06-20 13:31:09] production.INFO: Error is in main  
[2024-06-20 13:32:04] production.INFO: 156  
[2024-06-20 13:32:04] production.INFO: line 32  
[2024-06-20 13:32:04] production.INFO: line 34  
[2024-06-20 13:32:04] production.INFO: line 36  
[2024-06-20 13:32:12] production.INFO:   
[2024-06-20 13:32:12] production.INFO: Error is in main  
[2024-06-20 13:33:10] production.INFO: array (
  '_token' => 'KzyBoWYPvo33Artf8Y7BViMN4RI2Fl0IizseciZU',
  '_method' => 'PUT',
  'delete_back' => 'false',
  'delete_front' => 'false',
  'id' => NULL,
  'name_document' => '1129911131121',
  'observation' => '1211111212',
)  
[2024-06-20 13:33:10] production.INFO: Error is in main  
[2024-06-20 13:36:52] production.INFO: array (
  '_token' => 'KzyBoWYPvo33Artf8Y7BViMN4RI2Fl0IizseciZU',
  '_method' => 'PUT',
  'delete_back' => 'false',
  'delete_front' => 'false',
  'id' => '155',
  'name_document' => '112',
  'observation' => '1',
)  
[2024-06-20 13:36:52] production.INFO: line 32  
[2024-06-20 13:36:52] production.INFO: line 34  
[2024-06-20 13:36:52] production.INFO: line 36  
[2024-06-20 14:36:14] production.INFO: generated  
[2024-06-20 14:37:11] production.ERROR: SQLSTATE[HY000] [1130] Host '127.0.0.1' is not allowed to connect to this MariaDB server (Connection: mysql, SQL: select * from `employee` where `id` = 17 limit 1) {"userId":17,"exception":"[object] (Illuminate\\Database\\QueryException(code: 1130): SQLSTATE[HY000] [1130] Host '127.0.0.1' is not allowed to connect to this MariaDB server (Connection: mysql, SQL: select * from `employee` where `id` = 17 limit 1) at /home/u238205865/domains/classerp.es/public_html/pilatessg/vendor/laravel/framework/src/Illuminate/Database/Connection.php:813)
[stacktrace]
#0 /home/u238205865/domains/classerp.es/public_html/pilatessg/vendor/laravel/framework/src/Illuminate/Database/Connection.php(767): Illuminate\\Database\\Connection->runQueryCallback()
#1 /home/u238205865/domains/classerp.es/public_html/pilatessg/vendor/laravel/framework/src/Illuminate/Database/Connection.php(398): Illuminate\\Database\\Connection->run()
#2 /home/u238205865/domains/classerp.es/public_html/pilatessg/vendor/laravel/framework/src/Illuminate/Database/Query/Builder.php(2993): Illuminate\\Database\\Connection->select()
#3 /home/u238205865/domains/classerp.es/public_html/pilatessg/vendor/laravel/framework/src/Illuminate/Database/Query/Builder.php(2978): Illuminate\\Database\\Query\\Builder->runSelect()
#4 /home/u238205865/domains/classerp.es/public_html/pilatessg/vendor/laravel/framework/src/Illuminate/Database/Query/Builder.php(3566): Illuminate\\Database\\Query\\Builder->Illuminate\\Database\\Query\\{closure}()
#5 /home/u238205865/domains/classerp.es/public_html/pilatessg/vendor/laravel/framework/src/Illuminate/Database/Query/Builder.php(2977): Illuminate\\Database\\Query\\Builder->onceWithColumns()
#6 /home/u238205865/domains/classerp.es/public_html/pilatessg/vendor/laravel/framework/src/Illuminate/Database/Eloquent/Builder.php(748): Illuminate\\Database\\Query\\Builder->get()
#7 /home/u238205865/domains/classerp.es/public_html/pilatessg/vendor/laravel/framework/src/Illuminate/Database/Eloquent/Builder.php(730): Illuminate\\Database\\Eloquent\\Builder->getModels()
#8 /home/u238205865/domains/classerp.es/public_html/pilatessg/vendor/laravel/framework/src/Illuminate/Database/Concerns/BuildsQueries.php(335): Illuminate\\Database\\Eloquent\\Builder->get()
#9 /home/u238205865/domains/classerp.es/public_html/pilatessg/vendor/laravel/framework/src/Illuminate/Auth/EloquentUserProvider.php(59): Illuminate\\Database\\Eloquent\\Builder->first()
#10 /home/u238205865/domains/classerp.es/public_html/pilatessg/vendor/laravel/framework/src/Illuminate/Auth/SessionGuard.php(169): Illuminate\\Auth\\EloquentUserProvider->retrieveById()
#11 /home/u238205865/domains/classerp.es/public_html/pilatessg/vendor/laravel/framework/src/Illuminate/Auth/GuardHelpers.php(56): Illuminate\\Auth\\SessionGuard->user()
#12 /home/u238205865/domains/classerp.es/public_html/pilatessg/vendor/laravel/framework/src/Illuminate/Auth/Middleware/Authenticate.php(83): Illuminate\\Auth\\SessionGuard->check()
#13 /home/u238205865/domains/classerp.es/public_html/pilatessg/vendor/laravel/framework/src/Illuminate/Auth/Middleware/Authenticate.php(62): Illuminate\\Auth\\Middleware\\Authenticate->authenticate()
#14 /home/u238205865/domains/classerp.es/public_html/pilatessg/vendor/laravel/framework/src/Illuminate/Pipeline/Pipeline.php(183): Illuminate\\Auth\\Middleware\\Authenticate->handle()
#15 /home/u238205865/domains/classerp.es/public_html/pilatessg/vendor/laravel/framework/src/Illuminate/Foundation/Http/Middleware/VerifyCsrfToken.php(88): Illuminate\\Pipeline\\Pipeline->Illuminate\\Pipeline\\{closure}()
#16 /home/u238205865/domains/classerp.es/public_html/pilatessg/vendor/laravel/framework/src/Illuminate/Pipeline/Pipeline.php(183): Illuminate\\Foundation\\Http\\Middleware\\VerifyCsrfToken->handle()
#17 /home/u238205865/domains/classerp.es/public_html/pilatessg/vendor/laravel/framework/src/Illuminate/View/Middleware/ShareErrorsFromSession.php(49): Illuminate\\Pipeline\\Pipeline->Illuminate\\Pipeline\\{closure}()
#18 /home/u238205865/domains/classerp.es/public_html/pilatessg/vendor/laravel/framework/src/Illuminate/Pipeline/Pipeline.php(183): Illuminate\\View\\Middleware\\ShareErrorsFromSession->handle()
#19 /home/u238205865/domains/classerp.es/public_html/pilatessg/vendor/laravel/framework/src/Illuminate/Session/Middleware/StartSession.php(121): Illuminate\\Pipeline\\Pipeline->Illuminate\\Pipeline\\{closure}()
#20 /home/u238205865/domains/classerp.es/public_html/pilatessg/vendor/laravel/framework/src/Illuminate/Session/Middleware/StartSession.php(64): Illuminate\\Session\\Middleware\\StartSession->handleStatefulRequest()
#21 /home/u238205865/domains/classerp.es/public_html/pilatessg/vendor/laravel/framework/src/Illuminate/Pipeline/Pipeline.php(183): Illuminate\\Session\\Middleware\\StartSession->handle()
#22 /home/u238205865/domains/classerp.es/public_html/pilatessg/vendor/laravel/framework/src/Illuminate/Cookie/Middleware/AddQueuedCookiesToResponse.php(37): Illuminate\\Pipeline\\Pipeline->Illuminate\\Pipeline\\{closure}()
#23 /home/u238205865/domains/classerp.es/public_html/pilatessg/vendor/laravel/framework/src/Illuminate/Pipeline/Pipeline.php(183): Illuminate\\Cookie\\Middleware\\AddQueuedCookiesToResponse->handle()
#24 /home/u238205865/domains/classerp.es/public_html/pilatessg/vendor/laravel/framework/src/Illuminate/Cookie/Middleware/EncryptCookies.php(75): Illuminate\\Pipeline\\Pipeline->Illuminate\\Pipeline\\{closure}()
#25 /home/u238205865/domains/classerp.es/public_html/pilatessg/vendor/laravel/framework/src/Illuminate/Pipeline/Pipeline.php(183): Illuminate\\Cookie\\Middleware\\EncryptCookies->handle()
#26 /home/u238205865/domains/classerp.es/public_html/pilatessg/vendor/laravel/framework/src/Illuminate/Pipeline/Pipeline.php(119): Illuminate\\Pipeline\\Pipeline->Illuminate\\Pipeline\\{closure}()
#27 /home/u238205865/domains/classerp.es/public_html/pilatessg/vendor/laravel/framework/src/Illuminate/Routing/Router.php(805): Illuminate\\Pipeline\\Pipeline->then()
#28 /home/u238205865/domains/classerp.es/public_html/pilatessg/vendor/laravel/framework/src/Illuminate/Routing/Router.php(784): Illuminate\\Routing\\Router->runRouteWithinStack()
#29 /home/u238205865/domains/classerp.es/public_html/pilatessg/vendor/laravel/framework/src/Illuminate/Routing/Router.php(748): Illuminate\\Routing\\Router->runRoute()
#30 /home/u238205865/domains/classerp.es/public_html/pilatessg/vendor/laravel/framework/src/Illuminate/Routing/Router.php(737): Illuminate\\Routing\\Router->dispatchToRoute()
#31 /home/u238205865/domains/classerp.es/public_html/pilatessg/vendor/laravel/framework/src/Illuminate/Foundation/Http/Kernel.php(200): Illuminate\\Routing\\Router->dispatch()
#32 /home/u238205865/domains/classerp.es/public_html/pilatessg/vendor/laravel/framework/src/Illuminate/Pipeline/Pipeline.php(144): Illuminate\\Foundation\\Http\\Kernel->Illuminate\\Foundation\\Http\\{closure}()
#33 /home/u238205865/domains/classerp.es/public_html/pilatessg/vendor/laravel/framework/src/Illuminate/Foundation/Http/Middleware/TransformsRequest.php(21): Illuminate\\Pipeline\\Pipeline->Illuminate\\Pipeline\\{closure}()
#34 /home/u238205865/domains/classerp.es/public_html/pilatessg/vendor/laravel/framework/src/Illuminate/Foundation/Http/Middleware/ConvertEmptyStringsToNull.php(31): Illuminate\\Foundation\\Http\\Middleware\\TransformsRequest->handle()
#35 /home/u238205865/domains/classerp.es/public_html/pilatessg/vendor/laravel/framework/src/Illuminate/Pipeline/Pipeline.php(183): Illuminate\\Foundation\\Http\\Middleware\\ConvertEmptyStringsToNull->handle()
#36 /home/u238205865/domains/classerp.es/public_html/pilatessg/vendor/laravel/framework/src/Illuminate/Foundation/Http/Middleware/TransformsRequest.php(21): Illuminate\\Pipeline\\Pipeline->Illuminate\\Pipeline\\{closure}()
#37 /home/u238205865/domains/classerp.es/public_html/pilatessg/vendor/laravel/framework/src/Illuminate/Foundation/Http/Middleware/TrimStrings.php(51): Illuminate\\Foundation\\Http\\Middleware\\TransformsRequest->handle()
#38 /home/u238205865/domains/classerp.es/public_html/pilatessg/vendor/laravel/framework/src/Illuminate/Pipeline/Pipeline.php(183): Illuminate\\Foundation\\Http\\Middleware\\TrimStrings->handle()
#39 /home/u238205865/domains/classerp.es/public_html/pilatessg/vendor/laravel/framework/src/Illuminate/Http/Middleware/ValidatePostSize.php(27): Illuminate\\Pipeline\\Pipeline->Illuminate\\Pipeline\\{closure}()
#40 /home/u238205865/domains/classerp.es/public_html/pilatessg/vendor/laravel/framework/src/Illuminate/Pipeline/Pipeline.php(183): Illuminate\\Http\\Middleware\\ValidatePostSize->handle()
#41 /home/u238205865/domains/classerp.es/public_html/pilatessg/vendor/laravel/framework/src/Illuminate/Foundation/Http/Middleware/PreventRequestsDuringMaintenance.php(110): Illuminate\\Pipeline\\Pipeline->Illuminate\\Pipeline\\{closure}()
#42 /home/u238205865/domains/classerp.es/public_html/pilatessg/vendor/laravel/framework/src/Illuminate/Pipeline/Pipeline.php(183): Illuminate\\Foundation\\Http\\Middleware\\PreventRequestsDuringMaintenance->handle()
#43 /home/u238205865/domains/classerp.es/public_html/pilatessg/vendor/laravel/framework/src/Illuminate/Http/Middleware/TrustProxies.php(57): Illuminate\\Pipeline\\Pipeline->Illuminate\\Pipeline\\{closure}()
#44 /home/u238205865/domains/classerp.es/public_html/pilatessg/vendor/laravel/framework/src/Illuminate/Pipeline/Pipeline.php(183): Illuminate\\Http\\Middleware\\TrustProxies->handle()
#45 /home/u238205865/domains/classerp.es/public_html/pilatessg/vendor/laravel/framework/src/Illuminate/Pipeline/Pipeline.php(119): Illuminate\\Pipeline\\Pipeline->Illuminate\\Pipeline\\{closure}()
#46 /home/u238205865/domains/classerp.es/public_html/pilatessg/vendor/laravel/framework/src/Illuminate/Foundation/Http/Kernel.php(175): Illuminate\\Pipeline\\Pipeline->then()
#47 /home/u238205865/domains/classerp.es/public_html/pilatessg/vendor/laravel/framework/src/Illuminate/Foundation/Http/Kernel.php(144): Illuminate\\Foundation\\Http\\Kernel->sendRequestThroughRouter()
#48 /home/u238205865/domains/classerp.es/public_html/pilatessg/public/index.php(54): Illuminate\\Foundation\\Http\\Kernel->handle()
#49 {main}

[previous exception] [object] (PDOException(code: 1130): SQLSTATE[HY000] [1130] Host '127.0.0.1' is not allowed to connect to this MariaDB server at /home/u238205865/domains/classerp.es/public_html/pilatessg/vendor/laravel/framework/src/Illuminate/Database/Connectors/Connector.php:65)
[stacktrace]
#0 /home/u238205865/domains/classerp.es/public_html/pilatessg/vendor/laravel/framework/src/Illuminate/Database/Connectors/Connector.php(65): PDO->__construct()
#1 /home/u238205865/domains/classerp.es/public_html/pilatessg/vendor/laravel/framework/src/Illuminate/Database/Connectors/Connector.php(44): Illuminate\\Database\\Connectors\\Connector->createPdoConnection()
#2 /home/u238205865/domains/classerp.es/public_html/pilatessg/vendor/laravel/framework/src/Illuminate/Database/Connectors/MySqlConnector.php(24): Illuminate\\Database\\Connectors\\Connector->createConnection()
#3 /home/u238205865/domains/classerp.es/public_html/pilatessg/vendor/laravel/framework/src/Illuminate/Database/Connectors/ConnectionFactory.php(185): Illuminate\\Database\\Connectors\\MySqlConnector->connect()
#4 [internal function]: Illuminate\\Database\\Connectors\\ConnectionFactory->Illuminate\\Database\\Connectors\\{closure}()
#5 /home/u238205865/domains/classerp.es/public_html/pilatessg/vendor/laravel/framework/src/Illuminate/Database/Connection.php(1219): call_user_func()
#6 /home/u238205865/domains/classerp.es/public_html/pilatessg/vendor/laravel/framework/src/Illuminate/Database/Connection.php(1255): Illuminate\\Database\\Connection->getPdo()
#7 /home/u238205865/domains/classerp.es/public_html/pilatessg/vendor/laravel/framework/src/Illuminate/Database/Connection.php(512): Illuminate\\Database\\Connection->getReadPdo()
#8 /home/u238205865/domains/classerp.es/public_html/pilatessg/vendor/laravel/framework/src/Illuminate/Database/Connection.php(407): Illuminate\\Database\\Connection->getPdoForSelect()
#9 /home/u238205865/domains/classerp.es/public_html/pilatessg/vendor/laravel/framework/src/Illuminate/Database/Connection.php(800): Illuminate\\Database\\Connection->Illuminate\\Database\\{closure}()
#10 /home/u238205865/domains/classerp.es/public_html/pilatessg/vendor/laravel/framework/src/Illuminate/Database/Connection.php(767): Illuminate\\Database\\Connection->runQueryCallback()
#11 /home/u238205865/domains/classerp.es/public_html/pilatessg/vendor/laravel/framework/src/Illuminate/Database/Connection.php(398): Illuminate\\Database\\Connection->run()
#12 /home/u238205865/domains/classerp.es/public_html/pilatessg/vendor/laravel/framework/src/Illuminate/Database/Query/Builder.php(2993): Illuminate\\Database\\Connection->select()
#13 /home/u238205865/domains/classerp.es/public_html/pilatessg/vendor/laravel/framework/src/Illuminate/Database/Query/Builder.php(2978): Illuminate\\Database\\Query\\Builder->runSelect()
#14 /home/u238205865/domains/classerp.es/public_html/pilatessg/vendor/laravel/framework/src/Illuminate/Database/Query/Builder.php(3566): Illuminate\\Database\\Query\\Builder->Illuminate\\Database\\Query\\{closure}()
#15 /home/u238205865/domains/classerp.es/public_html/pilatessg/vendor/laravel/framework/src/Illuminate/Database/Query/Builder.php(2977): Illuminate\\Database\\Query\\Builder->onceWithColumns()
#16 /home/u238205865/domains/classerp.es/public_html/pilatessg/vendor/laravel/framework/src/Illuminate/Database/Eloquent/Builder.php(748): Illuminate\\Database\\Query\\Builder->get()
#17 /home/u238205865/domains/classerp.es/public_html/pilatessg/vendor/laravel/framework/src/Illuminate/Database/Eloquent/Builder.php(730): Illuminate\\Database\\Eloquent\\Builder->getModels()
#18 /home/u238205865/domains/classerp.es/public_html/pilatessg/vendor/laravel/framework/src/Illuminate/Database/Concerns/BuildsQueries.php(335): Illuminate\\Database\\Eloquent\\Builder->get()
#19 /home/u238205865/domains/classerp.es/public_html/pilatessg/vendor/laravel/framework/src/Illuminate/Auth/EloquentUserProvider.php(59): Illuminate\\Database\\Eloquent\\Builder->first()
#20 /home/u238205865/domains/classerp.es/public_html/pilatessg/vendor/laravel/framework/src/Illuminate/Auth/SessionGuard.php(169): Illuminate\\Auth\\EloquentUserProvider->retrieveById()
#21 /home/u238205865/domains/classerp.es/public_html/pilatessg/vendor/laravel/framework/src/Illuminate/Auth/GuardHelpers.php(56): Illuminate\\Auth\\SessionGuard->user()
#22 /home/u238205865/domains/classerp.es/public_html/pilatessg/vendor/laravel/framework/src/Illuminate/Auth/Middleware/Authenticate.php(83): Illuminate\\Auth\\SessionGuard->check()
#23 /home/u238205865/domains/classerp.es/public_html/pilatessg/vendor/laravel/framework/src/Illuminate/Auth/Middleware/Authenticate.php(62): Illuminate\\Auth\\Middleware\\Authenticate->authenticate()
#24 /home/u238205865/domains/classerp.es/public_html/pilatessg/vendor/laravel/framework/src/Illuminate/Pipeline/Pipeline.php(183): Illuminate\\Auth\\Middleware\\Authenticate->handle()
#25 /home/u238205865/domains/classerp.es/public_html/pilatessg/vendor/laravel/framework/src/Illuminate/Foundation/Http/Middleware/VerifyCsrfToken.php(88): Illuminate\\Pipeline\\Pipeline->Illuminate\\Pipeline\\{closure}()
#26 /home/u238205865/domains/classerp.es/public_html/pilatessg/vendor/laravel/framework/src/Illuminate/Pipeline/Pipeline.php(183): Illuminate\\Foundation\\Http\\Middleware\\VerifyCsrfToken->handle()
#27 /home/u238205865/domains/classerp.es/public_html/pilatessg/vendor/laravel/framework/src/Illuminate/View/Middleware/ShareErrorsFromSession.php(49): Illuminate\\Pipeline\\Pipeline->Illuminate\\Pipeline\\{closure}()
#28 /home/u238205865/domains/classerp.es/public_html/pilatessg/vendor/laravel/framework/src/Illuminate/Pipeline/Pipeline.php(183): Illuminate\\View\\Middleware\\ShareErrorsFromSession->handle()
#29 /home/u238205865/domains/classerp.es/public_html/pilatessg/vendor/laravel/framework/src/Illuminate/Session/Middleware/StartSession.php(121): Illuminate\\Pipeline\\Pipeline->Illuminate\\Pipeline\\{closure}()
#30 /home/u238205865/domains/classerp.es/public_html/pilatessg/vendor/laravel/framework/src/Illuminate/Session/Middleware/StartSession.php(64): Illuminate\\Session\\Middleware\\StartSession->handleStatefulRequest()
#31 /home/u238205865/domains/classerp.es/public_html/pilatessg/vendor/laravel/framework/src/Illuminate/Pipeline/Pipeline.php(183): Illuminate\\Session\\Middleware\\StartSession->handle()
#32 /home/u238205865/domains/classerp.es/public_html/pilatessg/vendor/laravel/framework/src/Illuminate/Cookie/Middleware/AddQueuedCookiesToResponse.php(37): Illuminate\\Pipeline\\Pipeline->Illuminate\\Pipeline\\{closure}()
#33 /home/u238205865/domains/classerp.es/public_html/pilatessg/vendor/laravel/framework/src/Illuminate/Pipeline/Pipeline.php(183): Illuminate\\Cookie\\Middleware\\AddQueuedCookiesToResponse->handle()
#34 /home/u238205865/domains/classerp.es/public_html/pilatessg/vendor/laravel/framework/src/Illuminate/Cookie/Middleware/EncryptCookies.php(75): Illuminate\\Pipeline\\Pipeline->Illuminate\\Pipeline\\{closure}()
#35 /home/u238205865/domains/classerp.es/public_html/pilatessg/vendor/laravel/framework/src/Illuminate/Pipeline/Pipeline.php(183): Illuminate\\Cookie\\Middleware\\EncryptCookies->handle()
#36 /home/u238205865/domains/classerp.es/public_html/pilatessg/vendor/laravel/framework/src/Illuminate/Pipeline/Pipeline.php(119): Illuminate\\Pipeline\\Pipeline->Illuminate\\Pipeline\\{closure}()
#37 /home/u238205865/domains/classerp.es/public_html/pilatessg/vendor/laravel/framework/src/Illuminate/Routing/Router.php(805): Illuminate\\Pipeline\\Pipeline->then()
#38 /home/u238205865/domains/classerp.es/public_html/pilatessg/vendor/laravel/framework/src/Illuminate/Routing/Router.php(784): Illuminate\\Routing\\Router->runRouteWithinStack()
#39 /home/u238205865/domains/classerp.es/public_html/pilatessg/vendor/laravel/framework/src/Illuminate/Routing/Router.php(748): Illuminate\\Routing\\Router->runRoute()
#40 /home/u238205865/domains/classerp.es/public_html/pilatessg/vendor/laravel/framework/src/Illuminate/Routing/Router.php(737): Illuminate\\Routing\\Router->dispatchToRoute()
#41 /home/u238205865/domains/classerp.es/public_html/pilatessg/vendor/laravel/framework/src/Illuminate/Foundation/Http/Kernel.php(200): Illuminate\\Routing\\Router->dispatch()
#42 /home/u238205865/domains/classerp.es/public_html/pilatessg/vendor/laravel/framework/src/Illuminate/Pipeline/Pipeline.php(144): Illuminate\\Foundation\\Http\\Kernel->Illuminate\\Foundation\\Http\\{closure}()
#43 /home/u238205865/domains/classerp.es/public_html/pilatessg/vendor/laravel/framework/src/Illuminate/Foundation/Http/Middleware/TransformsRequest.php(21): Illuminate\\Pipeline\\Pipeline->Illuminate\\Pipeline\\{closure}()
#44 /home/u238205865/domains/classerp.es/public_html/pilatessg/vendor/laravel/framework/src/Illuminate/Foundation/Http/Middleware/ConvertEmptyStringsToNull.php(31): Illuminate\\Foundation\\Http\\Middleware\\TransformsRequest->handle()
#45 /home/u238205865/domains/classerp.es/public_html/pilatessg/vendor/laravel/framework/src/Illuminate/Pipeline/Pipeline.php(183): Illuminate\\Foundation\\Http\\Middleware\\ConvertEmptyStringsToNull->handle()
#46 /home/u238205865/domains/classerp.es/public_html/pilatessg/vendor/laravel/framework/src/Illuminate/Foundation/Http/Middleware/TransformsRequest.php(21): Illuminate\\Pipeline\\Pipeline->Illuminate\\Pipeline\\{closure}()
#47 /home/u238205865/domains/classerp.es/public_html/pilatessg/vendor/laravel/framework/src/Illuminate/Foundation/Http/Middleware/TrimStrings.php(51): Illuminate\\Foundation\\Http\\Middleware\\TransformsRequest->handle()
#48 /home/u238205865/domains/classerp.es/public_html/pilatessg/vendor/laravel/framework/src/Illuminate/Pipeline/Pipeline.php(183): Illuminate\\Foundation\\Http\\Middleware\\TrimStrings->handle()
#49 /home/u238205865/domains/classerp.es/public_html/pilatessg/vendor/laravel/framework/src/Illuminate/Http/Middleware/ValidatePostSize.php(27): Illuminate\\Pipeline\\Pipeline->Illuminate\\Pipeline\\{closure}()
#50 /home/u238205865/domains/classerp.es/public_html/pilatessg/vendor/laravel/framework/src/Illuminate/Pipeline/Pipeline.php(183): Illuminate\\Http\\Middleware\\ValidatePostSize->handle()
#51 /home/u238205865/domains/classerp.es/public_html/pilatessg/vendor/laravel/framework/src/Illuminate/Foundation/Http/Middleware/PreventRequestsDuringMaintenance.php(110): Illuminate\\Pipeline\\Pipeline->Illuminate\\Pipeline\\{closure}()
#52 /home/u238205865/domains/classerp.es/public_html/pilatessg/vendor/laravel/framework/src/Illuminate/Pipeline/Pipeline.php(183): Illuminate\\Foundation\\Http\\Middleware\\PreventRequestsDuringMaintenance->handle()
#53 /home/u238205865/domains/classerp.es/public_html/pilatessg/vendor/laravel/framework/src/Illuminate/Http/Middleware/TrustProxies.php(57): Illuminate\\Pipeline\\Pipeline->Illuminate\\Pipeline\\{closure}()
#54 /home/u238205865/domains/classerp.es/public_html/pilatessg/vendor/laravel/framework/src/Illuminate/Pipeline/Pipeline.php(183): Illuminate\\Http\\Middleware\\TrustProxies->handle()
#55 /home/u238205865/domains/classerp.es/public_html/pilatessg/vendor/laravel/framework/src/Illuminate/Pipeline/Pipeline.php(119): Illuminate\\Pipeline\\Pipeline->Illuminate\\Pipeline\\{closure}()
#56 /home/u238205865/domains/classerp.es/public_html/pilatessg/vendor/laravel/framework/src/Illuminate/Foundation/Http/Kernel.php(175): Illuminate\\Pipeline\\Pipeline->then()
#57 /home/u238205865/domains/classerp.es/public_html/pilatessg/vendor/laravel/framework/src/Illuminate/Foundation/Http/Kernel.php(144): Illuminate\\Foundation\\Http\\Kernel->sendRequestThroughRouter()
#58 /home/u238205865/domains/classerp.es/public_html/pilatessg/public/index.php(54): Illuminate\\Foundation\\Http\\Kernel->handle()
#59 {main}
"} 
[2024-06-20 15:03:05] production.INFO: logout  
[2024-06-20 15:22:41] production.INFO: generated  
[2024-06-20 15:45:49] production.INFO: generated  
[2024-06-20 16:29:16] production.INFO: logout  
[2024-06-20 19:28:17] production.INFO: generated  
