[2024-06-19 00:21:39] production.INFO: Daily DB Backup - Success  
[2024-06-19 00:21:39] production.INFO: 3  
[2024-06-19 00:46:56] production.INFO: Daily DB Backup - Success  
[2024-06-19 01:21:38] production.INFO: Daily DB Backup - Success  
[2024-06-19 01:29:12] production.INFO: Daily DB Backup - Success  
[2024-06-19 01:30:05] production.INFO: Daily DB Backup - Success  
[2024-06-19 01:32:06] production.INFO: Daily DB Backup - Success  
[2024-06-19 01:40:24] production.INFO: Daily DB Backup - Success  
[2024-06-19 01:40:24] production.INFO: 3  
[2024-06-19 12:08:27] production.INFO: generated  
[2024-06-19 13:32:23] production.INFO: generated  
[2024-06-19 13:34:18] production.INFO: generated  
[2024-06-19 13:36:30] production.INFO: generated  
[2024-06-19 13:38:53] production.INFO: generated  
[2024-06-19 13:40:13] production.INFO: generated  
[2024-06-19 13:42:43] production.INFO: generated  
[2024-06-19 13:57:37] production.INFO: generated  
[2024-06-19 14:04:34] production.INFO: generated  
[2024-06-19 14:19:58] production.INFO: generated  
[2024-06-19 15:07:29] production.INFO: generated  
[2024-06-19 15:18:41] production.INFO: generated  
[2024-06-19 15:20:20] production.INFO: logout  
[2024-06-19 15:20:23] production.INFO: generated  
[2024-06-19 16:08:58] production.INFO: generated  
[2024-06-19 16:09:32] production.INFO: logout  
[2024-06-19 16:10:10] production.INFO: generated  
[2024-06-19 16:10:21] production.INFO: logout  
[2024-06-19 16:10:26] production.INFO: logout  
[2024-06-19 16:38:28] production.INFO: generated  
[2024-06-19 16:55:35] production.INFO: generated  
[2024-06-19 17:23:13] production.INFO: generated  
[2024-06-19 17:28:47] production.INFO: logout  
[2024-06-19 18:29:56] production.INFO: logout  
[2024-06-19 19:33:08] production.INFO: generated  
[2024-06-19 20:37:41] production.INFO: logout  
[2024-06-19 21:22:49] production.ERROR: Target class [two_factor] does not exist. {"exception":"[object] (Illuminate\\Contracts\\Container\\BindingResolutionException(code: 0): Target class [two_factor] does not exist. at /home/u238205865/domains/classerp.es/public_html/pilatessg/vendor/laravel/framework/src/Illuminate/Container/Container.php:906)
[stacktrace]
#0 /home/u238205865/domains/classerp.es/public_html/pilatessg/vendor/laravel/framework/src/Illuminate/Container/Container.php(787): Illuminate\\Container\\Container->build()
#1 /home/u238205865/domains/classerp.es/public_html/pilatessg/vendor/laravel/framework/src/Illuminate/Foundation/Application.php(1030): Illuminate\\Container\\Container->resolve()
#2 /home/u238205865/domains/classerp.es/public_html/pilatessg/vendor/laravel/framework/src/Illuminate/Container/Container.php(723): Illuminate\\Foundation\\Application->resolve()
#3 /home/u238205865/domains/classerp.es/public_html/pilatessg/vendor/laravel/framework/src/Illuminate/Foundation/Application.php(1015): Illuminate\\Container\\Container->make()
#4 /home/u238205865/domains/classerp.es/public_html/pilatessg/vendor/laravel/framework/src/Illuminate/Foundation/Http/Kernel.php(255): Illuminate\\Foundation\\Application->make()
#5 /home/u238205865/domains/classerp.es/public_html/pilatessg/vendor/laravel/framework/src/Illuminate/Foundation/Http/Kernel.php(213): Illuminate\\Foundation\\Http\\Kernel->terminateMiddleware()
#6 /home/u238205865/domains/classerp.es/public_html/pilatessg/public/index.php(60): Illuminate\\Foundation\\Http\\Kernel->terminate()
#7 {main}

[previous exception] [object] (ReflectionException(code: -1): Class \"two_factor\" does not exist at /home/u238205865/domains/classerp.es/public_html/pilatessg/vendor/laravel/framework/src/Illuminate/Container/Container.php:904)
[stacktrace]
#0 /home/u238205865/domains/classerp.es/public_html/pilatessg/vendor/laravel/framework/src/Illuminate/Container/Container.php(904): ReflectionClass->__construct()
#1 /home/u238205865/domains/classerp.es/public_html/pilatessg/vendor/laravel/framework/src/Illuminate/Container/Container.php(787): Illuminate\\Container\\Container->build()
#2 /home/u238205865/domains/classerp.es/public_html/pilatessg/vendor/laravel/framework/src/Illuminate/Foundation/Application.php(1030): Illuminate\\Container\\Container->resolve()
#3 /home/u238205865/domains/classerp.es/public_html/pilatessg/vendor/laravel/framework/src/Illuminate/Container/Container.php(723): Illuminate\\Foundation\\Application->resolve()
#4 /home/u238205865/domains/classerp.es/public_html/pilatessg/vendor/laravel/framework/src/Illuminate/Foundation/Application.php(1015): Illuminate\\Container\\Container->make()
#5 /home/u238205865/domains/classerp.es/public_html/pilatessg/vendor/laravel/framework/src/Illuminate/Foundation/Http/Kernel.php(255): Illuminate\\Foundation\\Application->make()
#6 /home/u238205865/domains/classerp.es/public_html/pilatessg/vendor/laravel/framework/src/Illuminate/Foundation/Http/Kernel.php(213): Illuminate\\Foundation\\Http\\Kernel->terminateMiddleware()
#7 /home/u238205865/domains/classerp.es/public_html/pilatessg/public/index.php(60): Illuminate\\Foundation\\Http\\Kernel->terminate()
#8 {main}
"} 
[2024-06-19 21:22:55] production.INFO: generated  
[2024-06-19 21:22:57] production.ERROR: Target class [two_factor] does not exist. {"userId":23,"exception":"[object] (Illuminate\\Contracts\\Container\\BindingResolutionException(code: 0): Target class [two_factor] does not exist. at /home/u238205865/domains/classerp.es/public_html/pilatessg/vendor/laravel/framework/src/Illuminate/Container/Container.php:906)
[stacktrace]
#0 /home/u238205865/domains/classerp.es/public_html/pilatessg/vendor/laravel/framework/src/Illuminate/Container/Container.php(787): Illuminate\\Container\\Container->build()
#1 /home/u238205865/domains/classerp.es/public_html/pilatessg/vendor/laravel/framework/src/Illuminate/Foundation/Application.php(1030): Illuminate\\Container\\Container->resolve()
#2 /home/u238205865/domains/classerp.es/public_html/pilatessg/vendor/laravel/framework/src/Illuminate/Container/Container.php(723): Illuminate\\Foundation\\Application->resolve()
#3 /home/u238205865/domains/classerp.es/public_html/pilatessg/vendor/laravel/framework/src/Illuminate/Foundation/Application.php(1015): Illuminate\\Container\\Container->make()
#4 /home/u238205865/domains/classerp.es/public_html/pilatessg/vendor/laravel/framework/src/Illuminate/Pipeline/Pipeline.php(172): Illuminate\\Foundation\\Application->make()
#5 /home/u238205865/domains/classerp.es/public_html/pilatessg/vendor/laravel/framework/src/Illuminate/Routing/Middleware/SubstituteBindings.php(50): Illuminate\\Pipeline\\Pipeline->Illuminate\\Pipeline\\{closure}()
#6 /home/u238205865/domains/classerp.es/public_html/pilatessg/vendor/laravel/framework/src/Illuminate/Pipeline/Pipeline.php(183): Illuminate\\Routing\\Middleware\\SubstituteBindings->handle()
#7 /home/u238205865/domains/classerp.es/public_html/pilatessg/vendor/laravel/framework/src/Illuminate/Auth/Middleware/Authenticate.php(64): Illuminate\\Pipeline\\Pipeline->Illuminate\\Pipeline\\{closure}()
#8 /home/u238205865/domains/classerp.es/public_html/pilatessg/vendor/laravel/framework/src/Illuminate/Pipeline/Pipeline.php(183): Illuminate\\Auth\\Middleware\\Authenticate->handle()
#9 /home/u238205865/domains/classerp.es/public_html/pilatessg/vendor/laravel/framework/src/Illuminate/Foundation/Http/Middleware/VerifyCsrfToken.php(88): Illuminate\\Pipeline\\Pipeline->Illuminate\\Pipeline\\{closure}()
#10 /home/u238205865/domains/classerp.es/public_html/pilatessg/vendor/laravel/framework/src/Illuminate/Pipeline/Pipeline.php(183): Illuminate\\Foundation\\Http\\Middleware\\VerifyCsrfToken->handle()
#11 /home/u238205865/domains/classerp.es/public_html/pilatessg/vendor/laravel/framework/src/Illuminate/View/Middleware/ShareErrorsFromSession.php(49): Illuminate\\Pipeline\\Pipeline->Illuminate\\Pipeline\\{closure}()
#12 /home/u238205865/domains/classerp.es/public_html/pilatessg/vendor/laravel/framework/src/Illuminate/Pipeline/Pipeline.php(183): Illuminate\\View\\Middleware\\ShareErrorsFromSession->handle()
#13 /home/u238205865/domains/classerp.es/public_html/pilatessg/vendor/laravel/framework/src/Illuminate/Session/Middleware/StartSession.php(121): Illuminate\\Pipeline\\Pipeline->Illuminate\\Pipeline\\{closure}()
#14 /home/u238205865/domains/classerp.es/public_html/pilatessg/vendor/laravel/framework/src/Illuminate/Session/Middleware/StartSession.php(64): Illuminate\\Session\\Middleware\\StartSession->handleStatefulRequest()
#15 /home/u238205865/domains/classerp.es/public_html/pilatessg/vendor/laravel/framework/src/Illuminate/Pipeline/Pipeline.php(183): Illuminate\\Session\\Middleware\\StartSession->handle()
#16 /home/u238205865/domains/classerp.es/public_html/pilatessg/vendor/laravel/framework/src/Illuminate/Cookie/Middleware/AddQueuedCookiesToResponse.php(37): Illuminate\\Pipeline\\Pipeline->Illuminate\\Pipeline\\{closure}()
#17 /home/u238205865/domains/classerp.es/public_html/pilatessg/vendor/laravel/framework/src/Illuminate/Pipeline/Pipeline.php(183): Illuminate\\Cookie\\Middleware\\AddQueuedCookiesToResponse->handle()
#18 /home/u238205865/domains/classerp.es/public_html/pilatessg/vendor/laravel/framework/src/Illuminate/Cookie/Middleware/EncryptCookies.php(75): Illuminate\\Pipeline\\Pipeline->Illuminate\\Pipeline\\{closure}()
#19 /home/u238205865/domains/classerp.es/public_html/pilatessg/vendor/laravel/framework/src/Illuminate/Pipeline/Pipeline.php(183): Illuminate\\Cookie\\Middleware\\EncryptCookies->handle()
#20 /home/u238205865/domains/classerp.es/public_html/pilatessg/vendor/laravel/framework/src/Illuminate/Pipeline/Pipeline.php(119): Illuminate\\Pipeline\\Pipeline->Illuminate\\Pipeline\\{closure}()
#21 /home/u238205865/domains/classerp.es/public_html/pilatessg/vendor/laravel/framework/src/Illuminate/Routing/Router.php(805): Illuminate\\Pipeline\\Pipeline->then()
#22 /home/u238205865/domains/classerp.es/public_html/pilatessg/vendor/laravel/framework/src/Illuminate/Routing/Router.php(784): Illuminate\\Routing\\Router->runRouteWithinStack()
#23 /home/u238205865/domains/classerp.es/public_html/pilatessg/vendor/laravel/framework/src/Illuminate/Routing/Router.php(748): Illuminate\\Routing\\Router->runRoute()
#24 /home/u238205865/domains/classerp.es/public_html/pilatessg/vendor/laravel/framework/src/Illuminate/Routing/Router.php(737): Illuminate\\Routing\\Router->dispatchToRoute()
#25 /home/u238205865/domains/classerp.es/public_html/pilatessg/vendor/laravel/framework/src/Illuminate/Foundation/Http/Kernel.php(200): Illuminate\\Routing\\Router->dispatch()
#26 /home/u238205865/domains/classerp.es/public_html/pilatessg/vendor/laravel/framework/src/Illuminate/Pipeline/Pipeline.php(144): Illuminate\\Foundation\\Http\\Kernel->Illuminate\\Foundation\\Http\\{closure}()
#27 /home/u238205865/domains/classerp.es/public_html/pilatessg/vendor/laravel/framework/src/Illuminate/Foundation/Http/Middleware/TransformsRequest.php(21): Illuminate\\Pipeline\\Pipeline->Illuminate\\Pipeline\\{closure}()
#28 /home/u238205865/domains/classerp.es/public_html/pilatessg/vendor/laravel/framework/src/Illuminate/Foundation/Http/Middleware/ConvertEmptyStringsToNull.php(31): Illuminate\\Foundation\\Http\\Middleware\\TransformsRequest->handle()
#29 /home/u238205865/domains/classerp.es/public_html/pilatessg/vendor/laravel/framework/src/Illuminate/Pipeline/Pipeline.php(183): Illuminate\\Foundation\\Http\\Middleware\\ConvertEmptyStringsToNull->handle()
#30 /home/u238205865/domains/classerp.es/public_html/pilatessg/vendor/laravel/framework/src/Illuminate/Foundation/Http/Middleware/TransformsRequest.php(21): Illuminate\\Pipeline\\Pipeline->Illuminate\\Pipeline\\{closure}()
#31 /home/u238205865/domains/classerp.es/public_html/pilatessg/vendor/laravel/framework/src/Illuminate/Foundation/Http/Middleware/TrimStrings.php(51): Illuminate\\Foundation\\Http\\Middleware\\TransformsRequest->handle()
#32 /home/u238205865/domains/classerp.es/public_html/pilatessg/vendor/laravel/framework/src/Illuminate/Pipeline/Pipeline.php(183): Illuminate\\Foundation\\Http\\Middleware\\TrimStrings->handle()
#33 /home/u238205865/domains/classerp.es/public_html/pilatessg/vendor/laravel/framework/src/Illuminate/Http/Middleware/ValidatePostSize.php(27): Illuminate\\Pipeline\\Pipeline->Illuminate\\Pipeline\\{closure}()
#34 /home/u238205865/domains/classerp.es/public_html/pilatessg/vendor/laravel/framework/src/Illuminate/Pipeline/Pipeline.php(183): Illuminate\\Http\\Middleware\\ValidatePostSize->handle()
#35 /home/u238205865/domains/classerp.es/public_html/pilatessg/vendor/laravel/framework/src/Illuminate/Foundation/Http/Middleware/PreventRequestsDuringMaintenance.php(110): Illuminate\\Pipeline\\Pipeline->Illuminate\\Pipeline\\{closure}()
#36 /home/u238205865/domains/classerp.es/public_html/pilatessg/vendor/laravel/framework/src/Illuminate/Pipeline/Pipeline.php(183): Illuminate\\Foundation\\Http\\Middleware\\PreventRequestsDuringMaintenance->handle()
#37 /home/u238205865/domains/classerp.es/public_html/pilatessg/vendor/laravel/framework/src/Illuminate/Http/Middleware/TrustProxies.php(57): Illuminate\\Pipeline\\Pipeline->Illuminate\\Pipeline\\{closure}()
#38 /home/u238205865/domains/classerp.es/public_html/pilatessg/vendor/laravel/framework/src/Illuminate/Pipeline/Pipeline.php(183): Illuminate\\Http\\Middleware\\TrustProxies->handle()
#39 /home/u238205865/domains/classerp.es/public_html/pilatessg/vendor/laravel/framework/src/Illuminate/Pipeline/Pipeline.php(119): Illuminate\\Pipeline\\Pipeline->Illuminate\\Pipeline\\{closure}()
#40 /home/u238205865/domains/classerp.es/public_html/pilatessg/vendor/laravel/framework/src/Illuminate/Foundation/Http/Kernel.php(175): Illuminate\\Pipeline\\Pipeline->then()
#41 /home/u238205865/domains/classerp.es/public_html/pilatessg/vendor/laravel/framework/src/Illuminate/Foundation/Http/Kernel.php(144): Illuminate\\Foundation\\Http\\Kernel->sendRequestThroughRouter()
#42 /home/u238205865/domains/classerp.es/public_html/pilatessg/public/index.php(54): Illuminate\\Foundation\\Http\\Kernel->handle()
#43 {main}

[previous exception] [object] (ReflectionException(code: -1): Class \"two_factor\" does not exist at /home/u238205865/domains/classerp.es/public_html/pilatessg/vendor/laravel/framework/src/Illuminate/Container/Container.php:904)
[stacktrace]
#0 /home/u238205865/domains/classerp.es/public_html/pilatessg/vendor/laravel/framework/src/Illuminate/Container/Container.php(904): ReflectionClass->__construct()
#1 /home/u238205865/domains/classerp.es/public_html/pilatessg/vendor/laravel/framework/src/Illuminate/Container/Container.php(787): Illuminate\\Container\\Container->build()
#2 /home/u238205865/domains/classerp.es/public_html/pilatessg/vendor/laravel/framework/src/Illuminate/Foundation/Application.php(1030): Illuminate\\Container\\Container->resolve()
#3 /home/u238205865/domains/classerp.es/public_html/pilatessg/vendor/laravel/framework/src/Illuminate/Container/Container.php(723): Illuminate\\Foundation\\Application->resolve()
#4 /home/u238205865/domains/classerp.es/public_html/pilatessg/vendor/laravel/framework/src/Illuminate/Foundation/Application.php(1015): Illuminate\\Container\\Container->make()
#5 /home/u238205865/domains/classerp.es/public_html/pilatessg/vendor/laravel/framework/src/Illuminate/Pipeline/Pipeline.php(172): Illuminate\\Foundation\\Application->make()
#6 /home/u238205865/domains/classerp.es/public_html/pilatessg/vendor/laravel/framework/src/Illuminate/Routing/Middleware/SubstituteBindings.php(50): Illuminate\\Pipeline\\Pipeline->Illuminate\\Pipeline\\{closure}()
#7 /home/u238205865/domains/classerp.es/public_html/pilatessg/vendor/laravel/framework/src/Illuminate/Pipeline/Pipeline.php(183): Illuminate\\Routing\\Middleware\\SubstituteBindings->handle()
#8 /home/u238205865/domains/classerp.es/public_html/pilatessg/vendor/laravel/framework/src/Illuminate/Auth/Middleware/Authenticate.php(64): Illuminate\\Pipeline\\Pipeline->Illuminate\\Pipeline\\{closure}()
#9 /home/u238205865/domains/classerp.es/public_html/pilatessg/vendor/laravel/framework/src/Illuminate/Pipeline/Pipeline.php(183): Illuminate\\Auth\\Middleware\\Authenticate->handle()
#10 /home/u238205865/domains/classerp.es/public_html/pilatessg/vendor/laravel/framework/src/Illuminate/Foundation/Http/Middleware/VerifyCsrfToken.php(88): Illuminate\\Pipeline\\Pipeline->Illuminate\\Pipeline\\{closure}()
#11 /home/u238205865/domains/classerp.es/public_html/pilatessg/vendor/laravel/framework/src/Illuminate/Pipeline/Pipeline.php(183): Illuminate\\Foundation\\Http\\Middleware\\VerifyCsrfToken->handle()
#12 /home/u238205865/domains/classerp.es/public_html/pilatessg/vendor/laravel/framework/src/Illuminate/View/Middleware/ShareErrorsFromSession.php(49): Illuminate\\Pipeline\\Pipeline->Illuminate\\Pipeline\\{closure}()
#13 /home/u238205865/domains/classerp.es/public_html/pilatessg/vendor/laravel/framework/src/Illuminate/Pipeline/Pipeline.php(183): Illuminate\\View\\Middleware\\ShareErrorsFromSession->handle()
#14 /home/u238205865/domains/classerp.es/public_html/pilatessg/vendor/laravel/framework/src/Illuminate/Session/Middleware/StartSession.php(121): Illuminate\\Pipeline\\Pipeline->Illuminate\\Pipeline\\{closure}()
#15 /home/u238205865/domains/classerp.es/public_html/pilatessg/vendor/laravel/framework/src/Illuminate/Session/Middleware/StartSession.php(64): Illuminate\\Session\\Middleware\\StartSession->handleStatefulRequest()
#16 /home/u238205865/domains/classerp.es/public_html/pilatessg/vendor/laravel/framework/src/Illuminate/Pipeline/Pipeline.php(183): Illuminate\\Session\\Middleware\\StartSession->handle()
#17 /home/u238205865/domains/classerp.es/public_html/pilatessg/vendor/laravel/framework/src/Illuminate/Cookie/Middleware/AddQueuedCookiesToResponse.php(37): Illuminate\\Pipeline\\Pipeline->Illuminate\\Pipeline\\{closure}()
#18 /home/u238205865/domains/classerp.es/public_html/pilatessg/vendor/laravel/framework/src/Illuminate/Pipeline/Pipeline.php(183): Illuminate\\Cookie\\Middleware\\AddQueuedCookiesToResponse->handle()
#19 /home/u238205865/domains/classerp.es/public_html/pilatessg/vendor/laravel/framework/src/Illuminate/Cookie/Middleware/EncryptCookies.php(75): Illuminate\\Pipeline\\Pipeline->Illuminate\\Pipeline\\{closure}()
#20 /home/u238205865/domains/classerp.es/public_html/pilatessg/vendor/laravel/framework/src/Illuminate/Pipeline/Pipeline.php(183): Illuminate\\Cookie\\Middleware\\EncryptCookies->handle()
#21 /home/u238205865/domains/classerp.es/public_html/pilatessg/vendor/laravel/framework/src/Illuminate/Pipeline/Pipeline.php(119): Illuminate\\Pipeline\\Pipeline->Illuminate\\Pipeline\\{closure}()
#22 /home/u238205865/domains/classerp.es/public_html/pilatessg/vendor/laravel/framework/src/Illuminate/Routing/Router.php(805): Illuminate\\Pipeline\\Pipeline->then()
#23 /home/u238205865/domains/classerp.es/public_html/pilatessg/vendor/laravel/framework/src/Illuminate/Routing/Router.php(784): Illuminate\\Routing\\Router->runRouteWithinStack()
#24 /home/u238205865/domains/classerp.es/public_html/pilatessg/vendor/laravel/framework/src/Illuminate/Routing/Router.php(748): Illuminate\\Routing\\Router->runRoute()
#25 /home/u238205865/domains/classerp.es/public_html/pilatessg/vendor/laravel/framework/src/Illuminate/Routing/Router.php(737): Illuminate\\Routing\\Router->dispatchToRoute()
#26 /home/u238205865/domains/classerp.es/public_html/pilatessg/vendor/laravel/framework/src/Illuminate/Foundation/Http/Kernel.php(200): Illuminate\\Routing\\Router->dispatch()
#27 /home/u238205865/domains/classerp.es/public_html/pilatessg/vendor/laravel/framework/src/Illuminate/Pipeline/Pipeline.php(144): Illuminate\\Foundation\\Http\\Kernel->Illuminate\\Foundation\\Http\\{closure}()
#28 /home/u238205865/domains/classerp.es/public_html/pilatessg/vendor/laravel/framework/src/Illuminate/Foundation/Http/Middleware/TransformsRequest.php(21): Illuminate\\Pipeline\\Pipeline->Illuminate\\Pipeline\\{closure}()
#29 /home/u238205865/domains/classerp.es/public_html/pilatessg/vendor/laravel/framework/src/Illuminate/Foundation/Http/Middleware/ConvertEmptyStringsToNull.php(31): Illuminate\\Foundation\\Http\\Middleware\\TransformsRequest->handle()
#30 /home/u238205865/domains/classerp.es/public_html/pilatessg/vendor/laravel/framework/src/Illuminate/Pipeline/Pipeline.php(183): Illuminate\\Foundation\\Http\\Middleware\\ConvertEmptyStringsToNull->handle()
#31 /home/u238205865/domains/classerp.es/public_html/pilatessg/vendor/laravel/framework/src/Illuminate/Foundation/Http/Middleware/TransformsRequest.php(21): Illuminate\\Pipeline\\Pipeline->Illuminate\\Pipeline\\{closure}()
#32 /home/u238205865/domains/classerp.es/public_html/pilatessg/vendor/laravel/framework/src/Illuminate/Foundation/Http/Middleware/TrimStrings.php(51): Illuminate\\Foundation\\Http\\Middleware\\TransformsRequest->handle()
#33 /home/u238205865/domains/classerp.es/public_html/pilatessg/vendor/laravel/framework/src/Illuminate/Pipeline/Pipeline.php(183): Illuminate\\Foundation\\Http\\Middleware\\TrimStrings->handle()
#34 /home/u238205865/domains/classerp.es/public_html/pilatessg/vendor/laravel/framework/src/Illuminate/Http/Middleware/ValidatePostSize.php(27): Illuminate\\Pipeline\\Pipeline->Illuminate\\Pipeline\\{closure}()
#35 /home/u238205865/domains/classerp.es/public_html/pilatessg/vendor/laravel/framework/src/Illuminate/Pipeline/Pipeline.php(183): Illuminate\\Http\\Middleware\\ValidatePostSize->handle()
#36 /home/u238205865/domains/classerp.es/public_html/pilatessg/vendor/laravel/framework/src/Illuminate/Foundation/Http/Middleware/PreventRequestsDuringMaintenance.php(110): Illuminate\\Pipeline\\Pipeline->Illuminate\\Pipeline\\{closure}()
#37 /home/u238205865/domains/classerp.es/public_html/pilatessg/vendor/laravel/framework/src/Illuminate/Pipeline/Pipeline.php(183): Illuminate\\Foundation\\Http\\Middleware\\PreventRequestsDuringMaintenance->handle()
#38 /home/u238205865/domains/classerp.es/public_html/pilatessg/vendor/laravel/framework/src/Illuminate/Http/Middleware/TrustProxies.php(57): Illuminate\\Pipeline\\Pipeline->Illuminate\\Pipeline\\{closure}()
#39 /home/u238205865/domains/classerp.es/public_html/pilatessg/vendor/laravel/framework/src/Illuminate/Pipeline/Pipeline.php(183): Illuminate\\Http\\Middleware\\TrustProxies->handle()
#40 /home/u238205865/domains/classerp.es/public_html/pilatessg/vendor/laravel/framework/src/Illuminate/Pipeline/Pipeline.php(119): Illuminate\\Pipeline\\Pipeline->Illuminate\\Pipeline\\{closure}()
#41 /home/u238205865/domains/classerp.es/public_html/pilatessg/vendor/laravel/framework/src/Illuminate/Foundation/Http/Kernel.php(175): Illuminate\\Pipeline\\Pipeline->then()
#42 /home/u238205865/domains/classerp.es/public_html/pilatessg/vendor/laravel/framework/src/Illuminate/Foundation/Http/Kernel.php(144): Illuminate\\Foundation\\Http\\Kernel->sendRequestThroughRouter()
#43 /home/u238205865/domains/classerp.es/public_html/pilatessg/public/index.php(54): Illuminate\\Foundation\\Http\\Kernel->handle()
#44 {main}
"} 
[2024-06-19 21:22:57] production.ERROR: Target class [two_factor] does not exist. {"userId":23,"exception":"[object] (Illuminate\\Contracts\\Container\\BindingResolutionException(code: 0): Target class [two_factor] does not exist. at /home/u238205865/domains/classerp.es/public_html/pilatessg/vendor/laravel/framework/src/Illuminate/Container/Container.php:906)
[stacktrace]
#0 /home/u238205865/domains/classerp.es/public_html/pilatessg/vendor/laravel/framework/src/Illuminate/Container/Container.php(787): Illuminate\\Container\\Container->build()
#1 /home/u238205865/domains/classerp.es/public_html/pilatessg/vendor/laravel/framework/src/Illuminate/Foundation/Application.php(1030): Illuminate\\Container\\Container->resolve()
#2 /home/u238205865/domains/classerp.es/public_html/pilatessg/vendor/laravel/framework/src/Illuminate/Container/Container.php(723): Illuminate\\Foundation\\Application->resolve()
#3 /home/u238205865/domains/classerp.es/public_html/pilatessg/vendor/laravel/framework/src/Illuminate/Foundation/Application.php(1015): Illuminate\\Container\\Container->make()
#4 /home/u238205865/domains/classerp.es/public_html/pilatessg/vendor/laravel/framework/src/Illuminate/Foundation/Http/Kernel.php(255): Illuminate\\Foundation\\Application->make()
#5 /home/u238205865/domains/classerp.es/public_html/pilatessg/vendor/laravel/framework/src/Illuminate/Foundation/Http/Kernel.php(213): Illuminate\\Foundation\\Http\\Kernel->terminateMiddleware()
#6 /home/u238205865/domains/classerp.es/public_html/pilatessg/public/index.php(60): Illuminate\\Foundation\\Http\\Kernel->terminate()
#7 {main}

[previous exception] [object] (ReflectionException(code: -1): Class \"two_factor\" does not exist at /home/u238205865/domains/classerp.es/public_html/pilatessg/vendor/laravel/framework/src/Illuminate/Container/Container.php:904)
[stacktrace]
#0 /home/u238205865/domains/classerp.es/public_html/pilatessg/vendor/laravel/framework/src/Illuminate/Container/Container.php(904): ReflectionClass->__construct()
#1 /home/u238205865/domains/classerp.es/public_html/pilatessg/vendor/laravel/framework/src/Illuminate/Container/Container.php(787): Illuminate\\Container\\Container->build()
#2 /home/u238205865/domains/classerp.es/public_html/pilatessg/vendor/laravel/framework/src/Illuminate/Foundation/Application.php(1030): Illuminate\\Container\\Container->resolve()
#3 /home/u238205865/domains/classerp.es/public_html/pilatessg/vendor/laravel/framework/src/Illuminate/Container/Container.php(723): Illuminate\\Foundation\\Application->resolve()
#4 /home/u238205865/domains/classerp.es/public_html/pilatessg/vendor/laravel/framework/src/Illuminate/Foundation/Application.php(1015): Illuminate\\Container\\Container->make()
#5 /home/u238205865/domains/classerp.es/public_html/pilatessg/vendor/laravel/framework/src/Illuminate/Foundation/Http/Kernel.php(255): Illuminate\\Foundation\\Application->make()
#6 /home/u238205865/domains/classerp.es/public_html/pilatessg/vendor/laravel/framework/src/Illuminate/Foundation/Http/Kernel.php(213): Illuminate\\Foundation\\Http\\Kernel->terminateMiddleware()
#7 /home/u238205865/domains/classerp.es/public_html/pilatessg/public/index.php(60): Illuminate\\Foundation\\Http\\Kernel->terminate()
#8 {main}
"} 
[2024-06-19 22:38:34] production.INFO: generated  
[2024-06-19 23:36:49] production.INFO: logout  
