10:02:45 - usuario: Marta Mesa Hernández - Login
10:56:28 - usuario: Marta Mesa Hernández - Actualización cliente id: 572
12:58:21 - usuario: Marta Mesa Hernández - Login
14:01:17 - usuario: Marta Mesa Hernández - Actualización cliente id: 378
15:37:46 - usuario: Marta Mesa Hernández - Actualización cliente id: 721
18:09:06 - usuario: Cristi Ramírez Hernández - Login
18:10:46 - usuario: Cristi Ramírez Hernández - Actualización empleado id: 15
18:11:23 - usuario: Mayerlin Regalado Rodríguez - Login
19:39:34 - usuario: Cristi Ramírez Hernández - Login
19:40:43 - usuario: Cristi Ramírez Hernández - Actualización empleado id: 22
19:42:43 - usuario: Lara Mena Martín - Login
19:51:29 - usuario: Lara Mena Martín - Actualización cliente id: 725
19:54:50 - usuario: Lara Mena Martín - Actualización cliente id: 729
19:56:24 - usuario: Lara Mena Martín - Actualización cliente id: 50
20:04:04 - usuario: Lara Mena Martín - Actualización cliente id: 727
20:06:01 - usuario: Lara Mena Martín - Actualización cliente id: 398
20:11:57 - usuario: Lara Mena Martín - Alta cliente id: 803
20:16:30 - usuario: Lara Mena Martín - Actualización cliente id: 388
20:18:14 - usuario: Lara Mena Martín - Actualización cliente id: 409
20:21:54 - usuario: Lara Mena Martín - Actualización cliente id: 771
20:23:05 - usuario: Lara Mena Martín - Actualización cliente id: 393
20:24:13 - usuario: Lara Mena Martín - Actualización cliente id: 591
20:24:59 - usuario: Lara Mena Martín - Actualización cliente id: 393
20:26:50 - usuario: Lara Mena Martín - Actualización cliente id: 786
20:31:55 - usuario: Lara Mena Martín - Alta cliente id: 804
