00:03:47 - usuario: Admin User - Alta documento id:134
00:44:28 - usuario: Admin User - Baja copia de seguridad ids:6
00:47:22 - usuario: Admin User - Baja copia de seguridad ids:7
01:22:37 - usuario: Admin User - Baja copia de seguridad ids:8
01:29:31 - usuario: Admin User - Baja copia de seguridad ids:9
01:37:06 - usuario: Admin User - Baja copia de seguridad ids:10
01:37:12 - usuario: Admin User - Baja copia de seguridad ids:11
02:49:18 - usuario: Admin User - Baja documento ids: 134
12:08:29 - usuario: Nicolas Acosta Marichal - Login
13:32:24 - usuario: Mayerlin Regalado Rodríguez - Login
13:34:19 - usuario: Mayerlin Regalado Rodríguez - Login
13:36:32 - usuario: Mayerlin Regalado Rodríguez - Login
13:38:55 - usuario: Mayerlin Regalado Rodríguez - Login
13:40:15 - usuario: Adriana Chelaru - Login
13:42:44 - usuario: Mayerlin Regalado Rodríguez - Login
13:57:39 - usuario: Mayerlin Regalado Rodríguez - Login
14:04:36 - usuario: Marta Mesa Hernández - Login
14:19:59 - usuario: Mayerlin Regalado Rodríguez - Login
15:07:31 - usuario: Admin User - Login
15:18:43 - usuario: Admin User - Login
15:20:24 - usuario: Admin User - Login
16:09:00 - usuario: Cristi Ramírez Hernández - Login
16:10:12 - usuario: Cristi Ramírez Hernández - Login
16:38:29 - usuario: Mayerlin Regalado Rodríguez - Login
16:55:37 - usuario: Mayerlin Regalado Rodríguez - Login
16:57:43 - usuario: Mayerlin Regalado Rodríguez - Alta cliente id: 836
16:59:55 - usuario: Mayerlin Regalado Rodríguez - Actualización cliente id: 676
17:02:34 - usuario: Mayerlin Regalado Rodríguez - Actualización cliente id: 422
17:03:53 - usuario: Mayerlin Regalado Rodríguez - Actualización cliente id: 793
17:05:37 - usuario: Mayerlin Regalado Rodríguez - Actualización cliente id: 345
17:06:54 - usuario: Mayerlin Regalado Rodríguez - Actualización cliente id: 486
17:10:14 - usuario: Mayerlin Regalado Rodríguez - Alta cliente id: 837
17:11:55 - usuario: Mayerlin Regalado Rodríguez - Actualización cliente id: 835
17:12:58 - usuario: Mayerlin Regalado Rodríguez - Actualización cliente id: 393
17:13:55 - usuario: Mayerlin Regalado Rodríguez - Actualización cliente id: 476
17:16:39 - usuario: Mayerlin Regalado Rodríguez - Actualización cliente id: 555
17:18:06 - usuario: Mayerlin Regalado Rodríguez - Actualización cliente id: 431
17:20:52 - usuario: Mayerlin Regalado Rodríguez - Alta cliente id: 838
17:23:15 - usuario: Marta Mesa Hernández - Login
17:24:27 - usuario: Marta Mesa Hernández - Actualización cliente id: 569
17:27:56 - usuario: Mayerlin Regalado Rodríguez - Alta cliente id: 839
18:29:51 - usuario: Mayerlin Regalado Rodríguez - Actualización cliente id: 656
19:33:10 - usuario: Mayerlin Regalado Rodríguez - Login
20:37:36 - usuario: Mayerlin Regalado Rodríguez - Actualización cliente id: 445
21:22:56 - usuario: Admin User - Login
22:38:36 - usuario: Nicolas Acosta Marichal - Login
22:39:59 - usuario: Nicolas Acosta Marichal - Alta documento id:135
22:42:09 - usuario: Nicolas Acosta Marichal - Alta documento id:136
23:30:03 - usuario: Admin User - Alta documento id:137
23:31:05 - usuario: Admin User - Alta documento id:138
23:32:16 - usuario: Admin User - Alta documento id:139
23:33:32 - usuario: Admin User - Baja documento ids: 139, 138, 137
23:33:47 - usuario: Admin User - Alta documento id:140
23:33:57 - usuario: Admin User - Baja documento ids: 140
23:43:30 - usuario: Admin User - Alta documento id:141
23:43:47 - usuario: Admin User - Actualización documento id: 141
23:52:56 - usuario: Admin User - Alta documento id:142
23:53:09 - usuario: Admin User - Actualización documento id: 142
23:53:29 - usuario: Admin User - Actualización documento id: 142
23:53:44 - usuario: Admin User - Alta documento id:143
23:54:14 - usuario: Admin User - Alta documento id:144
23:56:53 - usuario: Admin User - Alta documento id:145
23:57:46 - usuario: Admin User - Baja documento ids: 145, 144, 143, 142, 141
