06:28:19 - usuario: Admin User - Login
06:45:22 - usuario: Admin User - Alta documento id:39
06:47:20 - usuario: Admin User - Alta documento id:40
06:47:28 - usuario: Admin User - Baja documento ids: 39
06:47:41 - usuario: Admin User - Actualización documento id: 40
10:03:39 - usuario: Marta Mesa Hernández - Login
10:59:08 - usuario: Marta Mesa Hernández - Actualización cliente id: 388
12:39:59 - usuario: Mayerlin Regalado Rodríguez - Login
12:43:23 - usuario: Mayerlin Regalado Rodríguez - Alta cliente id: 833
12:47:27 - usuario: Mayerlin Regalado Rodríguez - Actualización cliente id: 801
12:59:27 - usuario: Mayerlin Regalado Rodríguez - Alta cliente id: 834
13:00:35 - usuario: Marta Mesa Hernández - Alta documento id:41
13:26:44 - usuario: Admin User - Login
13:27:54 - usuario: Admin User - Baja documento ids: 40
14:02:41 - usuario: Lara Mena Martín - Login
14:04:52 - usuario: Lara Mena Martín - Actualización cliente id: 50
14:08:07 - usuario: Lara Mena Martín - Actualización cliente id: 832
14:19:56 - usuario: Admin User - Alta documento id:42
14:20:52 - usuario: Admin User - Alta documento id:43
14:21:18 - usuario: Admin User - Baja documento ids: 43, 42
15:11:15 - usuario: Admin User - Alta documento id:44
15:11:44 - usuario: Admin User - Alta documento id:45
15:12:21 - usuario: Admin User - Baja documento ids: 45
15:13:51 - usuario: Admin User - Alta documento id:46
15:13:57 - usuario: Admin User - Alta documento id:47
15:31:57 - usuario: Admin User - Alta documento id:48
15:32:04 - usuario: Admin User - Alta documento id:49
16:21:20 - usuario: Admin User - Baja documento ids: 47
16:21:35 - usuario: Admin User - Baja documento ids: 49, 46
16:33:20 - usuario: Admin User - Alta documento id:50
16:33:29 - usuario: Admin User - Baja documento ids: 50
16:34:40 - usuario: Admin User - Actualización documento id: 44
16:35:02 - usuario: Admin User - Alta documento id:51
16:35:09 - usuario: Admin User - Actualización documento id: 51
16:47:03 - usuario: Admin User - Actualización documento id: 51
17:30:28 - usuario: Marta Mesa Hernández - Login
17:32:14 - usuario: Marta Mesa Hernández - Actualización cliente id: 499
18:58:25 - usuario: Admin User - Login
18:59:55 - usuario: Admin User - Baja documento ids: 51, 44
19:12:54 - usuario: Admin User - Alta documento id:52
20:42:01 - usuario: Admin User - Actualización documento id: 52
20:42:07 - usuario: Admin User - Baja documento ids: 52
20:48:08 - usuario: Nicolas Acosta Marichal - Login
21:14:36 - usuario: Admin User - Alta documento id:55
21:15:18 - usuario: Admin User - Baja documento ids: 55
21:15:42 - usuario: Admin User - Alta documento id:56
21:16:02 - usuario: Admin User - Alta documento id:57
21:16:23 - usuario: Admin User - Baja documento ids: 56
21:43:09 - usuario: Nicolas Acosta Marichal - Baja documento ids: 57
21:43:52 - usuario: Nicolas Acosta Marichal - Alta documento id:58
22:54:05 - usuario: Admin User - Alta documento id:59
22:54:17 - usuario: Admin User - Actualización documento id: 59
22:54:27 - usuario: Admin User - Baja documento ids: 59
