05:22:12 - usuario: Admin User - Login
05:22:41 - usuario: Admin User - Cargo plantilla  id: 1
09:00:28 - usuario: Marta Mesa Hernández - Login
09:03:31 - usuario: Marta Mesa Hernández - Actualización cliente id: 826
09:04:54 - usuario: Marta Mesa Hernández - Alta cliente id: 827
09:07:30 - usuario: Admin User - Login
09:11:07 - usuario: Marta Mesa Hernández - Actualización cliente id: 827
10:02:16 - usuario: Marta Mesa Hernández - Actualización cliente id: 827
13:18:45 - usuario: Adriana Chelaru - Login
13:32:03 - usuario: Adriana Chelaru - Alta cliente id: 828
14:33:44 - usuario: Lara Mena Martín - Login
14:45:25 - usuario: Lara Mena Martín - Actualización cliente id: 828
14:50:21 - usuario: Lara Mena Martín - Actualización cliente id: 401
14:52:26 - usuario: Lara Mena Martín - Actualización cliente id: 767
14:54:00 - usuario: Lara Mena Martín - Actualización cliente id: 534
15:00:44 - usuario: Lara Mena Martín - Actualización cliente id: 817
15:04:48 - usuario: Lara Mena Martín - Actualización cliente id: 815
15:06:22 - usuario: Lara Mena Martín - Actualización cliente id: 610
15:07:37 - usuario: Lara Mena Martín - Actualización cliente id: 139
15:12:15 - usuario: Lara Mena Martín - Alta cliente id: 829
15:14:56 - usuario: Lara Mena Martín - Actualización cliente id: 814
15:19:22 - usuario: Lara Mena Martín - Alta cliente id: 830
18:22:37 - usuario: Cristi Ramírez Hernández - Login
18:24:42 - usuario: Cristi Ramírez Hernández - Alta cliente id: 831
18:32:30 - usuario: Marta Mesa Hernández - Login
18:43:31 - usuario: Marta Mesa Hernández - Actualización cliente id: 831
19:27:21 - usuario: Marta Mesa Hernández - Actualización cliente id: 831
19:32:50 - usuario: Lara Mena Martín - Login
19:34:31 - usuario: Lara Mena Martín - Actualización cliente id: 200
19:55:33 - usuario: Cristi Ramírez Hernández - Login
20:01:05 - usuario: Cristi Ramírez Hernández - Alta cliente id: 832
20:28:20 - usuario: Marta Mesa Hernández - Actualización cliente id: 615
23:14:26 - usuario: Nicolas Acosta Marichal - Login
