01:02:58 - usuario: Admin User - Login
02:18:27 - usuario: Admin User - Login
02:28:19 - usuario: Admin User - Alta venta id: 3
02:36:10 - usuario: Admin User - Login
02:45:51 - usuario: Admin User - Baja venta ids: 3, 2
02:49:56 - usuario: Admin User - Login
02:54:01 - usuario: Admin User - Login
02:59:40 - usuario: Admin User - Login
03:10:08 - usuario: Admin Initial Admin - Login
03:23:04 - usuario: Admin User - Login
03:26:18 - usuario: Admin User - Actualización empleado id: 17
03:31:53 - usuario: Admin User - Login
03:41:52 - usuario: Nicolas Acosta Marichal - Login
03:42:55 - usuario: Nicolas Acosta Marichal - Login
03:46:01 - usuario: Nicolas Acosta Marichal - Alta documento id:9
03:46:31 - usuario: Nicolas Acosta Marichal - Alta documento id:10
03:52:48 - usuario: Admin User - Login
03:54:41 - usuario: Nicolas Acosta Marichal - Alta plantilla id: 3
03:57:32 - usuario: Nicolas Acosta Marichal - Cargo plantilla  id: 1
04:00:25 - usuario: Admin User - Alta documento id:11
04:02:20 - usuario: Admin User - Alta documento id:12
05:22:57 - usuario: Admin User - Baja copia de seguridad ids:1
05:23:40 - usuario: Admin User - Baja copia de seguridad ids:2
08:28:42 - usuario: Admin User - Actualización empleado id: 24
08:31:18 - usuario: Admin User - Actualización empleado id: 24
08:32:05 - usuario: John Doe - Login
08:47:15 - usuario: Admin User - Impresión ticket id: 5
08:50:58 - usuario: Admin User - Descarga ticket id: 8
09:22:16 - usuario: Admin User - Descarga copia de seguridad id: 3
09:22:28 - usuario: Admin User - Baja copia de seguridad ids:3
09:22:50 - usuario: Admin User - Descarga copia de seguridad id: 4
09:25:52 - usuario: Nicolas Acosta Marichal - Login
09:27:10 - usuario: Nicolas Acosta Marichal - Actualización empleado id: 16
09:27:44 - usuario: Nicolas Acosta Marichal - Actualización empleado id: 17
09:28:13 - usuario: Nicolas Acosta Marichal - Login
09:37:17 - usuario: Nicolas Acosta Marichal - Baja documento ids: 12, 11, 10, 9
09:38:23 - usuario: Nicolas Acosta Marichal - Alta documento id:13
22:36:07 - usuario: Admin User - Login
