00:04:00 - usuario: Admin User - Alta documento id:146
00:04:11 - usuario: Admin User - Alta documento id:147
00:14:41 - usuario: Admin User - Alta documento id:148
00:16:57 - usuario: Nicolas Acosta Marichal - Login
00:17:07 - usuario: Admin User - Alta documento id:149
00:18:29 - usuario: Nicolas Acosta Marichal - Actualización documento id: 149
00:18:44 - usuario: Nicolas Acosta Marichal - Actualización documento id: 149
00:19:41 - usuario: Admin User - Alta documento id:150
00:20:46 - usuario: Admin User - Alta documento id:151
00:24:41 - usuario: Admin User - Alta documento id:152
00:32:54 - usuario: Admin User - Alta documento id:153
04:55:07 - usuario: Admin User - Login
04:56:02 - usuario: Admin User - Alta documento id:154
04:56:10 - usuario: Admin User - Baja documento ids: 154
10:57:34 - usuario: Nicolas Acosta Marichal - Login
12:01:10 - usuario: Marta Mesa Hernández - Login
12:02:58 - usuario: Marta Mesa Hernández - Actualización cliente id: 357
12:04:42 - usuario: Marta Mesa Hernández - Actualización cliente id: 827
12:37:06 - usuario: Admin User - Login
12:39:21 - usuario: Admin User - Alta documento id:155
12:56:11 - usuario: Marta Mesa Hernández - Actualización cliente id: 498
12:59:15 - usuario: Admin User - Actualización documento id: 155
13:04:13 - usuario: Admin User - Alta documento id:156
13:04:32 - usuario: Admin User - Actualización documento id: 156
13:09:02 - usuario: Admin User - Actualización documento id: 156
13:12:51 - usuario: Admin User - Actualización documento id: 156
13:13:03 - usuario: Admin User - Actualización documento id: 156
13:13:23 - usuario: Admin User - Actualización documento id: 156
13:14:56 - usuario: Admin User - Actualización documento id: 156
13:19:22 - usuario: Admin User - Actualización documento id: 156
13:21:22 - usuario: Admin User - Actualización documento id: 156
13:22:42 - usuario: Admin User - Actualización documento id: 156
13:23:06 - usuario: Admin User - Actualización documento id: 156
13:24:35 - usuario: Admin User - Actualización documento id: 156
13:25:08 - usuario: Admin User - Actualización documento id: 156
13:25:32 - usuario: Admin User - Actualización documento id: 156
13:32:04 - usuario: Admin User - Actualización documento id: 156
13:36:52 - usuario: Admin User - Actualización documento id: 155
13:38:17 - usuario: Admin User - Actualización documento id: 156
13:38:25 - usuario: Admin User - Actualización documento id: 155
13:38:31 - usuario: Admin User - Baja documento ids: 156, 155
14:36:15 - usuario: Nicolas Acosta Marichal - Login
14:37:39 - usuario: Nicolas Acosta Marichal - Baja documento ids: 153, 152, 151, 150, 149
14:39:36 - usuario: Nicolas Acosta Marichal - Alta documento id:157
14:39:47 - usuario: Nicolas Acosta Marichal - Actualización documento id: 157
15:22:43 - usuario: Mayerlin Regalado Rodríguez - Login
15:45:50 - usuario: Nicolas Acosta Marichal - Login
15:47:26 - usuario: Nicolas Acosta Marichal - Alta documento id:158
15:47:54 - usuario: Nicolas Acosta Marichal - Actualización documento id: 158
15:48:19 - usuario: Nicolas Acosta Marichal - Actualización documento id: 158
16:27:31 - usuario: Nicolas Acosta Marichal - Baja documento ids: 158
16:29:09 - usuario: Mayerlin Regalado Rodríguez - Actualización cliente id: 483
19:28:19 - usuario: Marta Mesa Hernández - Login
19:29:53 - usuario: Marta Mesa Hernández - Actualización cliente id: 813
20:28:35 - usuario: Marta Mesa Hernández - Actualización cliente id: 751
