08:55:12 - usuario: Admin User - Login
13:32:17 - usuario: Mayerlin Regalado Rodríguez - Login
13:35:58 - usuario: Mayerlin Regalado Rodríguez - Actualización cliente id: 673
13:38:48 - usuario: Mayerlin Regalado Rodríguez - Actualización cliente id: 787
13:43:15 - usuario: Mayerlin Regalado Rodríguez - Actualización cliente id: 799
13:45:47 - usuario: Mayerlin Regalado Rodríguez - Actualización cliente id: 796
13:48:52 - usuario: Mayerlin Regalado Rodríguez - Actualización cliente id: 798
13:56:24 - usuario: Mayerlin Regalado Rodríguez - Alta cliente id: 805
13:59:51 - usuario: Mayerlin Regalado Rodríguez - Alta cliente id: 806
14:10:35 - usuario: Mayerlin Regalado Rodríguez - Actualización cliente id: 800
14:12:10 - usuario: Mayerlin Regalado Rodríguez - Actualización cliente id: 557
14:15:19 - usuario: Mayerlin Regalado Rodríguez - Actualización cliente id: 445
14:16:43 - usuario: Mayerlin Regalado Rodríguez - Actualización cliente id: 335
14:20:28 - usuario: Mayerlin Regalado Rodríguez - Actualización cliente id: 801
14:22:12 - usuario: Mayerlin Regalado Rodríguez - Actualización cliente id: 483
14:25:44 - usuario: Mayerlin Regalado Rodríguez - Actualización cliente id: 762
14:32:49 - usuario: Mayerlin Regalado Rodríguez - Alta cliente id: 807
14:33:30 - usuario: Mayerlin Regalado Rodríguez - Login
14:38:03 - usuario: Mayerlin Regalado Rodríguez - Actualización cliente id: 801
15:13:44 - usuario: Mayerlin Regalado Rodríguez - Actualización cliente id: 801
15:35:24 - usuario: Mayerlin Regalado Rodríguez - Actualización cliente id: 801
16:31:03 - usuario: Mayerlin Regalado Rodríguez - Actualización cliente id: 483
17:14:48 - usuario: Cristi Ramírez Hernández - Login
18:32:13 - usuario: Mayerlin Regalado Rodríguez - Login
18:34:45 - usuario: Marta Mesa Hernández - Login
18:35:59 - usuario: Nicolas Acosta Marichal - Login
18:37:13 - usuario: Nicolas Acosta Marichal - Alta documento id:14
19:28:04 - usuario: Marta Mesa Hernández - Actualización cliente id: 756
19:32:30 - usuario: Mayerlin Regalado Rodríguez - Actualización cliente id: 762
19:40:01 - usuario: Cristi Ramírez Hernández - Login
19:42:46 - usuario: Cristi Ramírez Hernández - Actualización empleado id: 21
19:46:49 - usuario: Marta Mesa Hernández - Actualización cliente id: 366
19:46:50 - usuario: Adriana Chelaru - Login
19:51:56 - usuario: Adriana Chelaru - Actualización cliente id: 752
19:54:14 - usuario: Admin User - Login
19:54:18 - usuario: Adriana Chelaru - Actualización cliente id: 516
19:56:20 - usuario: Adriana Chelaru - Actualización cliente id: 785
20:03:47 - usuario: Adriana Chelaru - Alta cliente id: 808
20:08:17 - usuario: Adriana Chelaru - Alta cliente id: 809
20:10:30 - usuario: Adriana Chelaru - Actualización cliente id: 579
20:11:45 - usuario: Nicolas Acosta Marichal - Baja documento ids: 14
20:12:12 - usuario: Nicolas Acosta Marichal - Baja documento ids: 13
20:14:33 - usuario: Adriana Chelaru - Alta cliente id: 810
20:19:52 - usuario: Adriana Chelaru - Alta cliente id: 811
20:23:17 - usuario: Adriana Chelaru - Actualización cliente id: 590
