01:57:38 - usuario: Admin User - Login
01:58:39 - usuario: Admin User - Alta documento id:64
01:59:09 - usuario: Admin User - Baja documento ids: 64
01:59:19 - usuario: Admin User - Alta documento id:65
02:12:19 - usuario: Admin User - Baja documento ids: 65
02:13:30 - usuario: Admin User - Alta documento id:66
02:16:08 - usuario: Admin User - Actualización documento id: 66
02:16:24 - usuario: Admin User - Baja documento ids: 66
02:17:34 - usuario: Admin User - Alta documento id:67
02:17:54 - usuario: Admin User - Actualización documento id: 67
02:18:10 - usuario: Admin User - Actualización documento id: 67
02:18:33 - usuario: Admin User - Actualización documento id: 67
02:18:45 - usuario: Admin User - Actualización documento id: 67
02:20:12 - usuario: Admin User - Alta documento id:68
11:08:26 - usuario: Admin User - Login
11:08:59 - usuario: Admin User - Baja documento ids: 68, 67
13:35:36 - usuario: Admin User - Login
13:36:12 - usuario: Admin User - Alta documento id:69
15:30:09 - usuario: Marta Mesa Hernández - Login
15:35:09 - usuario: Nicolas Acosta Marichal - Login
15:36:14 - usuario: Marta Mesa Hernández - Actualización cliente id: 722
15:38:58 - usuario: Nicolas Acosta Marichal - Alta documento id:70
15:39:41 - usuario: Nicolas Acosta Marichal - Baja documento ids: 69
15:40:54 - usuario: Nicolas Acosta Marichal - Baja documento ids: 29
15:42:32 - usuario: Nicolas Acosta Marichal - Alta documento id:71
15:43:26 - usuario: Nicolas Acosta Marichal - Alta documento id:72
15:44:15 - usuario: Nicolas Acosta Marichal - Actualización documento id: 72
15:46:36 - usuario: Nicolas Acosta Marichal - Baja documento ids: 72, 71
16:21:50 - usuario: Admin User - Login
16:28:23 - usuario: Admin User - Alta documento id:73
16:28:37 - usuario: Admin User - Actualización documento id: 73
16:53:28 - usuario: Admin User - Actualización documento id: 73
16:53:55 - usuario: Admin User - Actualización documento id: 73
16:59:40 - usuario: Admin User - Baja documento ids: 73
17:00:36 - usuario: Admin User - Alta documento id:74
17:00:51 - usuario: Admin User - Actualización documento id: 74
17:01:40 - usuario: Admin User - Actualización documento id: 74
17:04:21 - usuario: Admin User - Actualización documento id: 74
17:04:35 - usuario: Admin User - Actualización documento id: 74
17:06:12 - usuario: Admin User - Actualización documento id: 74
17:14:00 - usuario: Admin User - Actualización documento id: 74
17:14:38 - usuario: Admin User - Alta documento id:75
17:16:03 - usuario: Admin User - Alta documento id:76
17:16:39 - usuario: Admin User - Actualización documento id: 76
17:16:55 - usuario: Admin User - Actualización documento id: 76
17:17:15 - usuario: Admin User - Actualización documento id: 76
17:17:23 - usuario: Admin User - Actualización documento id: 76
17:19:04 - usuario: Admin User - Actualización documento id: 76
17:19:22 - usuario: Admin User - Alta documento id:77
17:23:31 - usuario: Admin User - Actualización documento id: 77
17:23:42 - usuario: Admin User - Actualización documento id: 77
17:24:43 - usuario: Admin User - Actualización documento id: 77
17:25:43 - usuario: Admin User - Actualización documento id: 77
17:26:06 - usuario: Admin User - Actualización documento id: 77
17:27:04 - usuario: Admin User - Actualización documento id: 77
17:27:24 - usuario: Admin User - Actualización documento id: 77
17:32:16 - usuario: Admin User - Actualización documento id: 77
17:37:00 - usuario: Admin User - Actualización documento id: 77
17:39:28 - usuario: Admin User - Baja documento ids: 77, 76
17:39:49 - usuario: Admin User - Alta documento id:78
17:40:05 - usuario: Admin User - Actualización documento id: 78
17:40:25 - usuario: Admin User - Actualización documento id: 78
17:43:18 - usuario: Admin User - Actualización documento id: 78
17:44:32 - usuario: Admin User - Actualización documento id: 78
17:45:48 - usuario: Admin User - Actualización documento id: 78
17:46:26 - usuario: Admin User - Actualización documento id: 78
17:48:07 - usuario: Admin User - Actualización documento id: 78
17:48:49 - usuario: Admin User - Actualización documento id: 78
17:53:34 - usuario: Nicolas Acosta Marichal - Login
17:54:30 - usuario: Admin User - Actualización documento id: 78
17:57:28 - usuario: Admin User - Actualización documento id: 78
17:57:58 - usuario: Admin User - Actualización documento id: 78
17:59:27 - usuario: Admin User - Actualización documento id: 78
18:00:31 - usuario: Admin User - Actualización documento id: 78
18:02:58 - usuario: Admin User - Actualización documento id: 78
18:03:32 - usuario: Admin User - Actualización documento id: 78
18:03:57 - usuario: Admin User - Actualización documento id: 78
18:08:37 - usuario: Admin User - Actualización documento id: 78
18:08:44 - usuario: Admin User - Actualización documento id: 78
18:28:53 - usuario: Marta Mesa Hernández - Login
18:34:48 - usuario: Marta Mesa Hernández - Actualización cliente id: 812
18:39:40 - usuario: Admin User - Alta documento id:79
18:39:57 - usuario: Admin User - Actualización documento id: 79
18:41:07 - usuario: Admin User - Actualización documento id: 79
18:41:57 - usuario: Admin User - Actualización documento id: 79
18:47:13 - usuario: Admin User - Actualización documento id: 79
18:47:34 - usuario: Admin User - Actualización documento id: 79
18:47:41 - usuario: Admin User - Actualización documento id: 79
18:58:14 - usuario: Admin User - Baja documento ids: 79, 78
19:09:08 - usuario: Nicolas Acosta Marichal - Alta documento id:80
19:09:52 - usuario: Nicolas Acosta Marichal - Baja documento ids: 80
19:10:55 - usuario: Nicolas Acosta Marichal - Alta documento id:81
19:12:10 - usuario: Nicolas Acosta Marichal - Alta documento id:82
19:12:51 - usuario: Nicolas Acosta Marichal - Baja documento ids: 82
19:12:59 - usuario: Nicolas Acosta Marichal - Baja documento ids: 81
19:13:35 - usuario: Nicolas Acosta Marichal - Alta documento id:83
19:15:03 - usuario: Nicolas Acosta Marichal - Baja documento ids: 83
19:26:46 - usuario: Marta Mesa Hernández - Actualización cliente id: 812
20:28:27 - usuario: Marta Mesa Hernández - Actualización cliente id: 386
